#
# A fatal error has been detected by the Java Runtime Environment:
#
#  SIGSEGV (0xb) at pc=0x0000000108937af4, pid=35591, tid=18179
#
# JRE version: Java(TM) SE Runtime Environment (7.0_72-b14) (build 1.7.0_72-b14)
# Java VM: Java HotSpot(TM) 64-Bit Server VM (24.72-b04 mixed mode bsd-amd64 compressed oops)
# Problematic frame:
# V  [libjvm.dylib+0x337af4]  jvmti_IsMethodSynthetic+0xb9
#
# Failed to write core dump. Core dumps have been disabled. To enable core dumping, try "ulimit -c unlimited" before starting Java again
#
# If you would like to submit a bug report, please visit:
#   http://bugreport.sun.com/bugreport/crash.jsp
#

---------------  T H R E A D  ---------------

Current thread (0x00007fd1dc851000):  JavaThread "JDWP Transport Listener: dt_socket" daemon [_thread_in_vm, id=18179, stack(0x0000000112b4a000,0x0000000112c4a000)]

siginfo:si_signo=SIGSEGV: si_errno=0, si_code=0 (SEGV0), si_addr=0x0000000000000000

Registers:
RAX=0x0000000000000001, RBX=0x0000000112c49a8b, RCX=0x00000000000fc080, RDX=0x0000000112c49a8b
RSP=0x0000000112c499f0, RBP=0x0000000112c49a40, RSI=0x00007fd1dc851000, RDI=0x00007fd1db701db0
R8 =0x00007fd1db714130, R9 =0x00007fd1db726be0, R10=0x0000000052489e3b, R11=0x00000000408f5927
R12=0x00007fd1dc851000, R13=0x616a2f6c6f630004, R14=0x616a2f6c6f630004, R15=0x00007fd1db701db0
RIP=0x0000000108937af4, EFLAGS=0x0000000000010202, ERR=0x0000000000000000
  TRAPNO=0x000000000000000d

Top of Stack: (sp=0x0000000112c499f0)
0x0000000112c499f0:   00007fd1dc851000 0000000000000000
0x0000000112c49a00:   0000000000000000 0000000000000000
0x0000000112c49a10:   00007fd1dc851000 00007fd1dc851000
0x0000000112c49a20:   0000000112c49a8b 0000000112c49a90
0x0000000112c49a30:   616a2f6c6f630004 0000000000000002
0x0000000112c49a40:   0000000112c49a60 00000001090801a8
0x0000000112c49a50:   0000000000000001 0000000112c49b08
0x0000000112c49a60:   0000000112c49ad0 0000000109064fbb
0x0000000112c49a70:   0000000112c49aa0 00007fd1db7140b0
0x0000000112c49a80:   0000000800000032 0000000100c49b08
0x0000000112c49a90:   0000000000000000 0000000000000000
0x0000000112c49aa0:   0000000000000000 0000000112c49c90
0x0000000112c49ab0:   0000000109087dc2 00007fd1db542b90
0x0000000112c49ac0:   0000000112c49b08 0000000109093588
0x0000000112c49ad0:   0000000112c49ae0 00000001090650b4
0x0000000112c49ae0:   0000000112c49d00 000000010906e642
0x0000000112c49af0:   0001082200000013 00000000000f0200
0x0000000112c49b00:   00007fd1db541af0 0000000112c49ba0
0x0000000112c49b10:   00007fd1000000e4 0000000112c49b20
0x0000000112c49b20:   00007fd100000048 0000000112c49b58
0x0000000112c49b30:   0000000000000000 0000000000000000
0x0000000112c49b40:   000108220000001c 0000000000000080
0x0000000112c49b50:   0000000112c49b58 d17f000008000000
0x0000000112c49b60:   08000000386061db 3e74696e696c633c
0x0000000112c49b70:   0056292803000000 0008000000000000
0x0000000112c49b80:   00306061dbd17f00 74696e693c060000
0x0000000112c49b90:   562928030000003e 0100000000000000
0x0000000112c49ba0:   e60100001f000000 2800000000000000
0x0000000112c49bb0:   00000000e8010000 e901000038000000
0x0000000112c49bc0:   4000000000000000 00000000ea010000
0x0000000112c49bd0:   eb0100004c000000 5100000000000000
0x0000000112c49be0:   00000000ea010000 ee01000057000000 

Instructions: (pc=0x0000000108937af4)
0x0000000108937ad4:   00 00 00 41 f6 87 68 01 00 00 10 75 07 b8 63 00
0x0000000108937ae4:   00 00 eb 7a 4d 85 f6 75 07 b8 17 00 00 00 eb 6e
0x0000000108937af4:   4d 8b 36 48 b8 fe fe fe fe fe fe fe fe 49 39 c6
0x0000000108937b04:   74 e7 4d 85 f6 74 e2 48 8d 05 4e 57 4d 00 80 38 

Register to memory mapping:

RAX=0x0000000000000001 is an unknown value
RBX=0x0000000112c49a8b is pointing into the stack for thread: 0x00007fd1dc851000
RCX=0x00000000000fc080 is an unknown value
RDX=0x0000000112c49a8b is pointing into the stack for thread: 0x00007fd1dc851000
RSP=0x0000000112c499f0 is pointing into the stack for thread: 0x00007fd1dc851000
RBP=0x0000000112c49a40 is pointing into the stack for thread: 0x00007fd1dc851000
RSI=0x00007fd1dc851000 is a thread
RDI=0x00007fd1db701db0 is an unknown value
R8 =0x00007fd1db714130 is an unknown value
R9 =0x00007fd1db726be0 is an unknown value
R10=0x0000000052489e3b is an unknown value
R11=0x00000000408f5927 is an unknown value
R12=0x00007fd1dc851000 is a thread
R13=0x616a2f6c6f630004 is an unknown value
R14=0x616a2f6c6f630004 is an unknown value
R15=0x00007fd1db701db0 is an unknown value


Stack: [0x0000000112b4a000,0x0000000112c4a000],  sp=0x0000000112c499f0,  free space=1022k
Native frames: (J=compiled Java code, j=interpreted, Vv=VM code, C=native code)
V  [libjvm.dylib+0x337af4]  jvmti_IsMethodSynthetic+0xb9
C  [libjdwp.dylib+0x201a8]  isMethodSynthetic+0x63
C  [libjdwp.dylib+0x4fbb]  methods1+0x10b
C  [libjdwp.dylib+0x50b4]  methodsWithGeneric+0xe
C  [libjdwp.dylib+0xe642]  debugLoop_run+0x1ce
C  [libjdwp.dylib+0x1f0e2]  attachThread+0x4d
V  [libjvm.dylib+0x378716]  JvmtiAgentThread::call_start_function()+0x38
V  [libjvm.dylib+0x4f600d]  JavaThread::thread_main_inner()+0x9b
V  [libjvm.dylib+0x4f7715]  JavaThread::run()+0x1a3
V  [libjvm.dylib+0x420eb6]  java_start(Thread*)+0x126
C  [libsystem_pthread.dylib+0x1899]  _pthread_body+0x8a
C  [libsystem_pthread.dylib+0x172a]  _pthread_struct_init+0x0
C  [libsystem_pthread.dylib+0x5fc9]  thread_start+0xd


---------------  P R O C E S S  ---------------

Java Threads: ( => current thread )
  0x00007fd1dc853800 JavaThread "Service Thread" daemon [_thread_blocked, id=20739, stack(0x0000000113059000,0x0000000113159000)]
  0x00007fd1dc852800 JavaThread "C2 CompilerThread1" daemon [_thread_blocked, id=20227, stack(0x0000000112f56000,0x0000000113056000)]
  0x00007fd1dd015000 JavaThread "C2 CompilerThread0" daemon [_thread_blocked, id=19715, stack(0x0000000112e53000,0x0000000112f53000)]
  0x00007fd1dc852000 JavaThread "JDWP Command Reader" daemon [_thread_in_native, id=19203, stack(0x0000000112d50000,0x0000000112e50000)]
  0x00007fd1dc850800 JavaThread "JDWP Event Helper Thread" daemon [_thread_blocked, id=18691, stack(0x0000000112c4d000,0x0000000112d4d000)]
=>0x00007fd1dc851000 JavaThread "JDWP Transport Listener: dt_socket" daemon [_thread_in_vm, id=18179, stack(0x0000000112b4a000,0x0000000112c4a000)]
  0x00007fd1dc846000 JavaThread "Signal Dispatcher" daemon [_thread_blocked, id=17667, stack(0x0000000112a41000,0x0000000112b41000)]
  0x00007fd1db817800 JavaThread "Finalizer" daemon [_thread_blocked, id=12547, stack(0x0000000112809000,0x0000000112909000)]
  0x00007fd1db816800 JavaThread "Reference Handler" daemon [_thread_blocked, id=12035, stack(0x0000000112706000,0x0000000112806000)]
  0x00007fd1db80c000 JavaThread "main" [_thread_blocked, id=6403, stack(0x0000000107c90000,0x0000000107d90000)]

Other Threads:
  0x00007fd1dc843000 VMThread [stack: 0x0000000112603000,0x0000000112703000] [id=11523]
  0x00007fd1dc005000 WatcherThread [stack: 0x000000011315c000,0x000000011325c000] [id=21251]

VM state:not at safepoint (normal execution)

VM Mutex/Monitor currently owned by a thread: None

Heap
 PSYoungGen      total 38912K, used 14254K [0x00000007d5500000, 0x00000007d8000000, 0x0000000800000000)
  eden space 33792K, 42% used [0x00000007d5500000,0x00000007d62ebb08,0x00000007d7600000)
  from space 5120K, 0% used [0x00000007d7b00000,0x00000007d7b00000,0x00000007d8000000)
  to   space 5120K, 0% used [0x00000007d7600000,0x00000007d7600000,0x00000007d7b00000)
 ParOldGen       total 87040K, used 0K [0x0000000780000000, 0x0000000785500000, 0x00000007d5500000)
  object space 87040K, 0% used [0x0000000780000000,0x0000000780000000,0x0000000785500000)
 PSPermGen       total 21504K, used 8818K [0x000000077ae00000, 0x000000077c300000, 0x0000000780000000)
  object space 21504K, 41% used [0x000000077ae00000,0x000000077b69cbb8,0x000000077c300000)

Card table byte_map: [0x000000010c15d000,0x000000010c587000] byte_map_base: 0x0000000108586000

Polling page: 0x0000000107dcf000

Code Cache  [0x000000010909d000, 0x000000010930d000, 0x000000010c09d000)
 total_blobs=314 nmethods=61 adapters=215 free_code_cache=48560Kb largest_free_block=49692160

Compilation events (10 events):
Event: 1.755 Thread 0x00007fd1dd015000 nmethod 57 0x0000000109123f10 code [0x0000000109124060, 0x00000001091241e8]
Event: 1.755 Thread 0x00007fd1dd015000   58             java.lang.String::<init> (67 bytes)
Event: 1.758 Thread 0x00007fd1dd015000 nmethod 58 0x000000010911e810 code [0x000000010911e960, 0x000000010911ec98]
Event: 1.771 Thread 0x00007fd1dc852800 nmethod 56 0x0000000109135550 code [0x00000001091357c0, 0x0000000109136c68]
Event: 1.802 Thread 0x00007fd1dd015000   59             java.io.ByteArrayOutputStream::ensureCapacity (16 bytes)
Event: 1.802 Thread 0x00007fd1dd015000 nmethod 59 0x0000000109129890 code [0x00000001091299e0, 0x0000000109129ac8]
Event: 1.803 Thread 0x00007fd1dc852800   60  s          java.io.ByteArrayOutputStream::write (32 bytes)
Event: 1.803 Thread 0x00007fd1dd015000   61             java.util.HashMap::getEntry (86 bytes)
Event: 1.805 Thread 0x00007fd1dc852800 nmethod 60 0x000000010911e090 code [0x000000010911e1e0, 0x000000010911e668]
Event: 1.805 Thread 0x00007fd1dd015000 nmethod 61 0x000000010912aad0 code [0x000000010912ac40, 0x000000010912ae88]

GC Heap History (0 events):
No events

Deoptimization events (4 events):
Event: 0.645 Thread 0x00007fd1db80c000 Uncommon trap: reason=unhandled action=none pc=0x0000000109112968 method=java.lang.Integer.parseInt(Ljava/lang/String;I)I @ 204
Event: 0.672 Thread 0x00007fd1db80c000 Uncommon trap: reason=unhandled action=none pc=0x0000000109112968 method=java.lang.Integer.parseInt(Ljava/lang/String;I)I @ 204
Event: 1.217 Thread 0x00007fd1db80c000 Uncommon trap: reason=unreached action=reinterpret pc=0x0000000109111e64 method=java.util.Arrays.equals([B[B)Z @ 12
Event: 1.301 Thread 0x00007fd1db80c000 Uncommon trap: reason=unhandled action=none pc=0x0000000109112968 method=java.lang.Integer.parseInt(Ljava/lang/String;I)I @ 204

Internal exceptions (10 events):
Event: 1.832 Thread 0x00007fd1db80c000 Threw 0x00000007d61ad7b8 at /HUDSON/workspace/7u-2-build-macosx-x86_64/jdk7u72/1606/hotspot/src/share/vm/prims/jvm.cpp:1281
Event: 1.833 Thread 0x00007fd1db80c000 Threw 0x00000007d61b6c70 at /HUDSON/workspace/7u-2-build-macosx-x86_64/jdk7u72/1606/hotspot/src/share/vm/prims/jvm.cpp:1281
Event: 1.833 Thread 0x00007fd1db80c000 Threw 0x00000007d61bcd08 at /HUDSON/workspace/7u-2-build-macosx-x86_64/jdk7u72/1606/hotspot/src/share/vm/prims/jvm.cpp:1281
Event: 1.833 Thread 0x00007fd1db80c000 Threw 0x00000007d61c2c38 at /HUDSON/workspace/7u-2-build-macosx-x86_64/jdk7u72/1606/hotspot/src/share/vm/prims/jvm.cpp:1281
Event: 1.834 Thread 0x00007fd1db80c000 Threw 0x00000007d61c81d8 at /HUDSON/workspace/7u-2-build-macosx-x86_64/jdk7u72/1606/hotspot/src/share/vm/prims/jvm.cpp:1281
Event: 1.834 Thread 0x00007fd1db80c000 Threw 0x00000007d61cd738 at /HUDSON/workspace/7u-2-build-macosx-x86_64/jdk7u72/1606/hotspot/src/share/vm/prims/jvm.cpp:1281
Event: 1.834 Thread 0x00007fd1db80c000 Threw 0x00000007d61d3e90 at /HUDSON/workspace/7u-2-build-macosx-x86_64/jdk7u72/1606/hotspot/src/share/vm/prims/jvm.cpp:1281
Event: 1.835 Thread 0x00007fd1db80c000 Threw 0x00000007d61dba68 at /HUDSON/workspace/7u-2-build-macosx-x86_64/jdk7u72/1606/hotspot/src/share/vm/prims/jvm.cpp:1281
Event: 1.835 Thread 0x00007fd1db80c000 Threw 0x00000007d61e1770 at /HUDSON/workspace/7u-2-build-macosx-x86_64/jdk7u72/1606/hotspot/src/share/vm/prims/jvm.cpp:1281
Event: 1.836 Thread 0x00007fd1db80c000 Threw 0x00000007d61e8808 at /HUDSON/workspace/7u-2-build-macosx-x86_64/jdk7u72/1606/hotspot/src/share/vm/prims/jvm.cpp:1281

Events (10 events):
Event: 183631.539 Executing VM operation: ChangeBreakpoints
Event: 183631.539 Executing VM operation: ChangeBreakpoints done
Event: 183631.544 Executing VM operation: ChangeBreakpoints
Event: 183631.544 Executing VM operation: ChangeBreakpoints done
Event: 183631.548 Executing VM operation: ChangeBreakpoints
Event: 183631.549 Executing VM operation: ChangeBreakpoints done
Event: 183853.840 Executing VM operation: RedefineClasses
Event: 183853.841 Executing VM operation: RedefineClasses done
Event: 183860.519 Executing VM operation: RedefineClasses
Event: 183860.520 Executing VM operation: RedefineClasses done


Dynamic libraries:
0x000000000d354000 	/System/Library/Frameworks/Cocoa.framework/Versions/A/Cocoa
0x000000000d354000 	/System/Library/Frameworks/Security.framework/Versions/A/Security
0x000000000d354000 	/System/Library/Frameworks/ApplicationServices.framework/Versions/A/ApplicationServices
0x000000000d354000 	/usr/lib/libz.1.dylib
0x000000000d354000 	/usr/lib/libSystem.B.dylib
0x000000000d354000 	/usr/lib/libobjc.A.dylib
0x000000000d354000 	/System/Library/Frameworks/CoreFoundation.framework/Versions/A/CoreFoundation
0x000000000d354000 	/System/Library/Frameworks/Foundation.framework/Versions/C/Foundation
0x000000000d354000 	/System/Library/Frameworks/AppKit.framework/Versions/C/AppKit
0x000000000d354000 	/System/Library/Frameworks/CoreData.framework/Versions/A/CoreData
0x000000000d354000 	/System/Library/PrivateFrameworks/RemoteViewServices.framework/Versions/A/RemoteViewServices
0x000000000d354000 	/System/Library/Frameworks/AudioToolbox.framework/Versions/A/AudioToolbox
0x000000000d354000 	/System/Library/Frameworks/AudioUnit.framework/Versions/A/AudioUnit
0x000000000d354000 	/System/Library/PrivateFrameworks/DataDetectorsCore.framework/Versions/A/DataDetectorsCore
0x000000000d354000 	/System/Library/PrivateFrameworks/DesktopServicesPriv.framework/Versions/A/DesktopServicesPriv
0x000000000d354000 	/System/Library/Frameworks/Carbon.framework/Versions/A/Frameworks/HIToolbox.framework/Versions/A/HIToolbox
0x000000000d354000 	/System/Library/Frameworks/QuartzCore.framework/Versions/A/QuartzCore
0x000000000d354000 	/System/Library/Frameworks/Carbon.framework/Versions/A/Frameworks/SpeechRecognition.framework/Versions/A/SpeechRecognition
0x000000000d354000 	/usr/lib/libauto.dylib
0x000000000d354000 	/usr/lib/libicucore.A.dylib
0x000000000d354000 	/usr/lib/libxml2.2.dylib
0x000000000d354000 	/System/Library/PrivateFrameworks/CoreUI.framework/Versions/A/CoreUI
0x000000000d354000 	/System/Library/Frameworks/CoreAudio.framework/Versions/A/CoreAudio
0x000000000d354000 	/System/Library/Frameworks/DiskArbitration.framework/Versions/A/DiskArbitration
0x000000000d354000 	/usr/lib/liblangid.dylib
0x000000000d354000 	/System/Library/PrivateFrameworks/MultitouchSupport.framework/Versions/A/MultitouchSupport
0x000000000d354000 	/System/Library/Frameworks/IOKit.framework/Versions/A/IOKit
0x000000000d354000 	/usr/lib/libDiagnosticMessagesClient.dylib
0x000000000d354000 	/System/Library/Frameworks/CoreServices.framework/Versions/A/CoreServices
0x000000000d354000 	/System/Library/PrivateFrameworks/PerformanceAnalysis.framework/Versions/A/PerformanceAnalysis
0x000000000d354000 	/System/Library/PrivateFrameworks/GenerationalStorage.framework/Versions/A/GenerationalStorage
0x000000000d354000 	/System/Library/Frameworks/OpenGL.framework/Versions/A/OpenGL
0x000000000d354000 	/System/Library/PrivateFrameworks/Sharing.framework/Versions/A/Sharing
0x000000000d354000 	/System/Library/Frameworks/ImageIO.framework/Versions/A/ImageIO
0x000000000d354000 	/System/Library/Frameworks/CoreText.framework/Versions/A/CoreText
0x000000000d354000 	/System/Library/Frameworks/CoreGraphics.framework/Versions/A/CoreGraphics
0x000000000d354000 	/System/Library/PrivateFrameworks/Backup.framework/Versions/A/Backup
0x000000000d354000 	/System/Library/Frameworks/CFNetwork.framework/Versions/A/CFNetwork
0x000000000d354000 	/System/Library/Frameworks/SystemConfiguration.framework/Versions/A/SystemConfiguration
0x000000000d354000 	/usr/lib/libCRFSuite.dylib
0x000000000d354000 	/usr/lib/libc++.1.dylib
0x000000000d354000 	/usr/lib/libc++abi.dylib
0x000000000d354000 	/usr/lib/system/libcache.dylib
0x000000000d354000 	/usr/lib/system/libcommonCrypto.dylib
0x000000000d354000 	/usr/lib/system/libcompiler_rt.dylib
0x000000000d354000 	/usr/lib/system/libcopyfile.dylib
0x000000000d354000 	/usr/lib/system/libcorecrypto.dylib
0x000000000d354000 	/usr/lib/system/libdispatch.dylib
0x000000000d354000 	/usr/lib/system/libdyld.dylib
0x000000000d354000 	/usr/lib/system/libkeymgr.dylib
0x000000000d354000 	/usr/lib/system/liblaunch.dylib
0x000000000d354000 	/usr/lib/system/libmacho.dylib
0x000000000d354000 	/usr/lib/system/libquarantine.dylib
0x000000000d354000 	/usr/lib/system/libremovefile.dylib
0x000000000d354000 	/usr/lib/system/libsystem_asl.dylib
0x000000000d354000 	/usr/lib/system/libsystem_blocks.dylib
0x000000000d354000 	/usr/lib/system/libsystem_c.dylib
0x000000000d354000 	/usr/lib/system/libsystem_configuration.dylib
0x000000000d354000 	/usr/lib/system/libsystem_dnssd.dylib
0x000000000d354000 	/usr/lib/system/libsystem_info.dylib
0x000000000d354000 	/usr/lib/system/libsystem_kernel.dylib
0x000000000d354000 	/usr/lib/system/libsystem_m.dylib
0x000000000d354000 	/usr/lib/system/libsystem_malloc.dylib
0x000000000d354000 	/usr/lib/system/libsystem_network.dylib
0x000000000d354000 	/usr/lib/system/libsystem_notify.dylib
0x000000000d354000 	/usr/lib/system/libsystem_platform.dylib
0x000000000d354000 	/usr/lib/system/libsystem_pthread.dylib
0x000000000d354000 	/usr/lib/system/libsystem_sandbox.dylib
0x000000000d354000 	/usr/lib/system/libsystem_stats.dylib
0x000000000d354000 	/usr/lib/system/libunc.dylib
0x000000000d354000 	/usr/lib/system/libunwind.dylib
0x000000000d354000 	/usr/lib/system/libxpc.dylib
0x000000000d354000 	/usr/lib/libbsm.0.dylib
0x000000000d354000 	/usr/lib/libsqlite3.dylib
0x000000000d354000 	/usr/lib/libxar.1.dylib
0x000000000d354000 	/usr/lib/libpam.2.dylib
0x000000000d354000 	/usr/lib/libOpenScriptingUtil.dylib
0x000000000d354000 	/usr/lib/libbz2.1.0.dylib
0x000000000d354000 	/System/Library/Frameworks/CoreServices.framework/Versions/A/Frameworks/CarbonCore.framework/Versions/A/CarbonCore
0x000000000d354000 	/System/Library/Frameworks/CoreServices.framework/Versions/A/Frameworks/Metadata.framework/Versions/A/Metadata
0x000000000d354000 	/System/Library/Frameworks/CoreServices.framework/Versions/A/Frameworks/OSServices.framework/Versions/A/OSServices
0x000000000d354000 	/System/Library/Frameworks/CoreServices.framework/Versions/A/Frameworks/SearchKit.framework/Versions/A/SearchKit
0x000000000d354000 	/System/Library/Frameworks/CoreServices.framework/Versions/A/Frameworks/AE.framework/Versions/A/AE
0x000000000d354000 	/System/Library/Frameworks/CoreServices.framework/Versions/A/Frameworks/LaunchServices.framework/Versions/A/LaunchServices
0x000000000d354000 	/System/Library/Frameworks/CoreServices.framework/Versions/A/Frameworks/DictionaryServices.framework/Versions/A/DictionaryServices
0x000000000d354000 	/System/Library/Frameworks/NetFS.framework/Versions/A/NetFS
0x000000000d354000 	/usr/lib/system/libkxld.dylib
0x000000000d354000 	/System/Library/PrivateFrameworks/NetAuth.framework/Versions/A/NetAuth
0x000000000d354000 	/System/Library/PrivateFrameworks/TCC.framework/Versions/A/TCC
0x000000000d354000 	/System/Library/Frameworks/OpenDirectory.framework/Versions/A/Frameworks/CFOpenDirectory.framework/Versions/A/CFOpenDirectory
0x000000000d354000 	/System/Library/Frameworks/ServiceManagement.framework/Versions/A/ServiceManagement
0x000000000d354000 	/usr/lib/libxslt.1.dylib
0x000000000d354000 	/System/Library/Frameworks/Carbon.framework/Versions/A/Frameworks/Ink.framework/Versions/A/Ink
0x000000000d354000 	/System/Library/Frameworks/ApplicationServices.framework/Versions/A/Frameworks/ATS.framework/Versions/A/ATS
0x000000000d354000 	/System/Library/Frameworks/ApplicationServices.framework/Versions/A/Frameworks/ColorSync.framework/Versions/A/ColorSync
0x000000000d354000 	/System/Library/Frameworks/ApplicationServices.framework/Versions/A/Frameworks/HIServices.framework/Versions/A/HIServices
0x000000000d354000 	/System/Library/Frameworks/ApplicationServices.framework/Versions/A/Frameworks/LangAnalysis.framework/Versions/A/LangAnalysis
0x000000000d354000 	/System/Library/Frameworks/ApplicationServices.framework/Versions/A/Frameworks/PrintCore.framework/Versions/A/PrintCore
0x000000000d354000 	/System/Library/Frameworks/ApplicationServices.framework/Versions/A/Frameworks/QD.framework/Versions/A/QD
0x000000000d354000 	/System/Library/Frameworks/ApplicationServices.framework/Versions/A/Frameworks/SpeechSynthesis.framework/Versions/A/SpeechSynthesis
0x000000000d354000 	/System/Library/Frameworks/IOSurface.framework/Versions/A/IOSurface
0x000000000d354000 	/System/Library/Frameworks/Accelerate.framework/Versions/A/Accelerate
0x000000000d354000 	/System/Library/Frameworks/Accelerate.framework/Versions/A/Frameworks/vImage.framework/Versions/A/vImage
0x000000000d354000 	/System/Library/Frameworks/Accelerate.framework/Versions/A/Frameworks/vecLib.framework/Versions/A/vecLib
0x000000000d354000 	/System/Library/Frameworks/Accelerate.framework/Versions/A/Frameworks/vecLib.framework/Versions/A/libvDSP.dylib
0x000000000d354000 	/System/Library/Frameworks/Accelerate.framework/Versions/A/Frameworks/vecLib.framework/Versions/A/libvMisc.dylib
0x000000000d354000 	/System/Library/Frameworks/Accelerate.framework/Versions/A/Frameworks/vecLib.framework/Versions/A/libLAPACK.dylib
0x000000000d354000 	/System/Library/Frameworks/Accelerate.framework/Versions/A/Frameworks/vecLib.framework/Versions/A/libBLAS.dylib
0x000000000d354000 	/System/Library/Frameworks/ApplicationServices.framework/Versions/A/Frameworks/ATS.framework/Versions/A/Resources/libFontParser.dylib
0x000000000d354000 	/System/Library/Frameworks/ApplicationServices.framework/Versions/A/Frameworks/ATS.framework/Versions/A/Resources/libFontRegistry.dylib
0x000000000d354000 	/System/Library/Frameworks/ImageIO.framework/Versions/A/Resources/libJPEG.dylib
0x000000000d354000 	/System/Library/Frameworks/ImageIO.framework/Versions/A/Resources/libTIFF.dylib
0x000000000d354000 	/System/Library/Frameworks/ImageIO.framework/Versions/A/Resources/libPng.dylib
0x000000000d354000 	/System/Library/Frameworks/ImageIO.framework/Versions/A/Resources/libGIF.dylib
0x000000000d354000 	/System/Library/Frameworks/ImageIO.framework/Versions/A/Resources/libJP2.dylib
0x000000000d354000 	/System/Library/Frameworks/ImageIO.framework/Versions/A/Resources/libRadiance.dylib
0x000000000d354000 	/usr/lib/libcups.2.dylib
0x000000000d354000 	/System/Library/Frameworks/Kerberos.framework/Versions/A/Kerberos
0x000000000d354000 	/System/Library/Frameworks/GSS.framework/Versions/A/GSS
0x000000000d354000 	/usr/lib/libresolv.9.dylib
0x000000000d354000 	/usr/lib/libiconv.2.dylib
0x000000000d354000 	/System/Library/PrivateFrameworks/Heimdal.framework/Versions/A/Heimdal
0x000000000d354000 	/System/Library/PrivateFrameworks/TrustEvaluationAgent.framework/Versions/A/TrustEvaluationAgent
0x000000000d354000 	/usr/lib/libheimdal-asn1.dylib
0x000000000d354000 	/System/Library/Frameworks/OpenDirectory.framework/Versions/A/OpenDirectory
0x000000000d354000 	/System/Library/PrivateFrameworks/CommonAuth.framework/Versions/A/CommonAuth
0x000000000d354000 	/System/Library/Frameworks/SecurityFoundation.framework/Versions/A/SecurityFoundation
0x000000000d354000 	/System/Library/PrivateFrameworks/Bom.framework/Versions/A/Bom
0x000000000d354000 	/System/Library/Frameworks/CoreVideo.framework/Versions/A/CoreVideo
0x000000000d354000 	/System/Library/Frameworks/QuartzCore.framework/Versions/A/Frameworks/CoreImage.framework/Versions/A/CoreImage
0x000000000d354000 	/System/Library/Frameworks/QuartzCore.framework/Versions/A/Frameworks/ScalableUserInterface.framework/Versions/A/ScalableUserInterface
0x000000000d354000 	/System/Library/Frameworks/OpenGL.framework/Versions/A/Libraries/libGLU.dylib
0x000000000d354000 	/System/Library/Frameworks/OpenGL.framework/Versions/A/Libraries/libGFXShared.dylib
0x000000000d354000 	/System/Library/Frameworks/OpenGL.framework/Versions/A/Libraries/libGL.dylib
0x000000000d354000 	/System/Library/Frameworks/OpenGL.framework/Versions/A/Libraries/libGLImage.dylib
0x000000000d354000 	/System/Library/Frameworks/OpenGL.framework/Versions/A/Libraries/libCVMSPluginSupport.dylib
0x000000000d354000 	/System/Library/Frameworks/OpenGL.framework/Versions/A/Libraries/libCoreVMClient.dylib
0x000000000d354000 	/System/Library/PrivateFrameworks/FaceCore.framework/Versions/A/FaceCore
0x000000000d354000 	/System/Library/PrivateFrameworks/CrashReporterSupport.framework/Versions/A/CrashReporterSupport
0x000000000d354000 	/System/Library/Frameworks/OpenCL.framework/Versions/A/OpenCL
0x000000000d354000 	/System/Library/PrivateFrameworks/AppleFSCompression.framework/Versions/A/AppleFSCompression
0x000000000d354000 	/System/Library/PrivateFrameworks/Ubiquity.framework/Versions/A/Ubiquity
0x000000000d354000 	/System/Library/PrivateFrameworks/IconServices.framework/Versions/A/IconServices
0x000000000d354000 	/System/Library/PrivateFrameworks/ChunkingLibrary.framework/Versions/A/ChunkingLibrary
0x000000000d354000 	/System/Library/PrivateFrameworks/CoreSymbolication.framework/Versions/A/CoreSymbolication
0x000000000d354000 	/System/Library/PrivateFrameworks/Symbolication.framework/Versions/A/Symbolication
0x000000000d354000 	/System/Library/PrivateFrameworks/DebugSymbols.framework/Versions/A/DebugSymbols
0x0000000108600000 	/Library/Java/JavaVirtualMachines/jdk1.7.0_72.jdk/Contents/Home/jre/lib/server/libjvm.dylib
0x000000000d354000 	/usr/lib/libstdc++.6.dylib
0x0000000107d92000 	/Library/Java/JavaVirtualMachines/jdk1.7.0_72.jdk/Contents/Home/jre/lib/libverify.dylib
0x0000000107d9f000 	/Library/Java/JavaVirtualMachines/jdk1.7.0_72.jdk/Contents/Home/jre/lib/libjava.dylib
0x0000000109060000 	/Library/Java/JavaVirtualMachines/jdk1.7.0_72.jdk/Contents/Home/jre/lib/libjdwp.dylib
0x0000000107dd0000 	/Library/Java/JavaVirtualMachines/jdk1.7.0_72.jdk/Contents/Home/jre/lib/libnpt.dylib
0x0000000107ddd000 	/Library/Java/JavaVirtualMachines/jdk1.7.0_72.jdk/Contents/Home/jre/lib/libzip.dylib
0x0000000107de7000 	/System/Library/Frameworks/JavaVM.framework/Frameworks/JavaRuntimeSupport.framework/JavaRuntimeSupport
0x000000011290b000 	/System/Library/Frameworks/JavaVM.framework/Versions/A/Frameworks/JavaNativeFoundation.framework/Versions/A/JavaNativeFoundation
0x0000000112920000 	/System/Library/Frameworks/JavaVM.framework/Versions/A/JavaVM
0x000000000d354000 	/System/Library/Frameworks/Carbon.framework/Versions/A/Carbon
0x000000011292d000 	/System/Library/PrivateFrameworks/JavaLaunching.framework/Versions/A/JavaLaunching
0x000000000d354000 	/System/Library/Frameworks/Carbon.framework/Versions/A/Frameworks/CommonPanels.framework/Versions/A/CommonPanels
0x000000000d354000 	/System/Library/Frameworks/Carbon.framework/Versions/A/Frameworks/Help.framework/Versions/A/Help
0x000000000d354000 	/System/Library/Frameworks/Carbon.framework/Versions/A/Frameworks/ImageCapture.framework/Versions/A/ImageCapture
0x000000000d354000 	/System/Library/Frameworks/Carbon.framework/Versions/A/Frameworks/OpenScripting.framework/Versions/A/OpenScripting
0x000000000d354000 	/System/Library/Frameworks/Carbon.framework/Versions/A/Frameworks/Print.framework/Versions/A/Print
0x000000000d354000 	/System/Library/Frameworks/Carbon.framework/Versions/A/Frameworks/SecurityHI.framework/Versions/A/SecurityHI
0x0000000112b43000 	/Library/Java/JavaVirtualMachines/jdk1.7.0_72.jdk/Contents/Home/jre/lib/libdt_socket.dylib
0x00000001132b1000 	/Library/Java/JavaVirtualMachines/jdk1.7.0_72.jdk/Contents/Home/jre/lib/libsunec.dylib
0x0000000113434000 	/Library/Java/JavaVirtualMachines/jdk1.7.0_72.jdk/Contents/Home/jre/lib/libnet.dylib

VM Arguments:
jvm_args: -agentlib:jdwp=transport=dt_socket,suspend=y,address=localhost:50540 -Dfile.encoding=UTF-8 
java_command: mains.SampleApp
Launcher Type: SUN_STANDARD

Environment Variables:
PATH=/usr/bin:/bin:/usr/sbin:/sbin
SHELL=/bin/bash
DISPLAY=/tmp/launch-WNA1Ar/org.macosforge.xquartz:0

Signal Handlers:
SIGSEGV: [libjvm.dylib+0x52c465], sa_mask[0]=0xfffefeff, sa_flags=0x00000043
SIGBUS: [libjvm.dylib+0x52c465], sa_mask[0]=0xfffefeff, sa_flags=0x00000042
SIGFPE: [libjvm.dylib+0x41e5ce], sa_mask[0]=0xfffefeff, sa_flags=0x00000042
SIGPIPE: [libjvm.dylib+0x41e5ce], sa_mask[0]=0xfffefeff, sa_flags=0x00000042
SIGXFSZ: [libjvm.dylib+0x41e5ce], sa_mask[0]=0xfffefeff, sa_flags=0x00000042
SIGILL: [libjvm.dylib+0x41e5ce], sa_mask[0]=0xfffefeff, sa_flags=0x00000042
SIGUSR1: SIG_DFL, sa_mask[0]=0x00000000, sa_flags=0x00000002
SIGUSR2: [libjvm.dylib+0x41e0c0], sa_mask[0]=0x00000004, sa_flags=0x00000042
SIGHUP: [libjvm.dylib+0x41c351], sa_mask[0]=0xfffefeff, sa_flags=0x00000042
SIGINT: [libjvm.dylib+0x41c351], sa_mask[0]=0xfffefeff, sa_flags=0x00000042
SIGTERM: [libjvm.dylib+0x41c351], sa_mask[0]=0xfffefeff, sa_flags=0x00000042
SIGQUIT: [libjvm.dylib+0x41c351], sa_mask[0]=0xfffefeff, sa_flags=0x00000042


---------------  S Y S T E M  ---------------

OS:Bsduname:Darwin 13.0.2 Darwin Kernel Version 13.0.2: Sun Sep 29 19:38:57 PDT 2013; root:xnu-2422.75.4~1/RELEASE_X86_64 x86_64
rlimit: STACK 8192k, CORE 0k, NPROC 709, NOFILE 10240, AS infinity
load average:2.42 1.70 1.63

CPU:total 4 (2 cores per cpu, 2 threads per core) family 6 model 69 stepping 1, cmov, cx8, fxsr, mmx, sse, sse2, sse3, ssse3, sse4.1, sse4.2, popcnt, avx, avx2, aes, erms, ht, tsc, tscinvbit

Memory: 4k page, physical 8388608k(2097152k free)

/proc/meminfo:


vm_info: Java HotSpot(TM) 64-Bit Server VM (24.72-b04) for bsd-amd64 JRE (1.7.0_72-b14), built on Sep 26 2014 18:48:06 by "java_re" with gcc 4.2.1 (Based on Apple Inc. build 5658) (LLVM build 2336.11.00)

time: Sat Jun 13 19:35:28 2015
elapsed time: 183860 seconds

