#
# A fatal error has been detected by the Java Runtime Environment:
#
#  SIGSEGV (0xb) at pc=0x0000000107b37af4, pid=35867, tid=18179
#
# JRE version: Java(TM) SE Runtime Environment (7.0_72-b14) (build 1.7.0_72-b14)
# Java VM: Java HotSpot(TM) 64-Bit Server VM (24.72-b04 mixed mode bsd-amd64 compressed oops)
# Problematic frame:
# V  [libjvm.dylib+0x337af4]  jvmti_IsMethodSynthetic+0xb9
#
# Failed to write core dump. Core dumps have been disabled. To enable core dumping, try "ulimit -c unlimited" before starting Java again
#
# If you would like to submit a bug report, please visit:
#   http://bugreport.sun.com/bugreport/crash.jsp
#

---------------  T H R E A D  ---------------

Current thread (0x00007fc9bb025000):  JavaThread "JDWP Transport Listener: dt_socket" daemon [_thread_in_vm, id=18179, stack(0x0000000111d42000,0x0000000111e42000)]

siginfo:si_signo=SIGSEGV: si_errno=0, si_code=0 (SEGV0), si_addr=0x0000000000000000

Registers:
RAX=0x0000000000000001, RBX=0x0000000111e41a8b, RCX=0x00000000000fc080, RDX=0x0000000111e41a8b
RSP=0x0000000111e419f0, RBP=0x0000000111e41a40, RSI=0x00007fc9bb025000, RDI=0x00007fc9ba502860
R8 =0x00007fc9ba61a0f0, R9 =0x00007fc9ba6187a0, R10=0x000000008326b1df, R11=0x00000000ba115cdc
R12=0x00007fc9bb025000, R13=0x44415f6b726f0006, R14=0x44415f6b726f0006, R15=0x00007fc9ba502860
RIP=0x0000000107b37af4, EFLAGS=0x0000000000010206, ERR=0x0000000000000000
  TRAPNO=0x000000000000000d

Top of Stack: (sp=0x0000000111e419f0)
0x0000000111e419f0:   00007fc9bb025000 0000000000000000
0x0000000111e41a00:   0000000000000000 0000000000000000
0x0000000111e41a10:   00007fc9bb025000 00007fc9bb025000
0x0000000111e41a20:   0000000111e41a8b 0000000111e41a90
0x0000000111e41a30:   44415f6b726f0006 0000000000000002
0x0000000111e41a40:   0000000111e41a60 00000001082801a8
0x0000000111e41a50:   0000000000000001 0000000111e41b08
0x0000000111e41a60:   0000000111e41ad0 0000000108264fbb
0x0000000111e41a70:   0000000111e41aa0 00007fc9ba62f690
0x0000000111e41a80:   0000000800000032 0000000100e41b08
0x0000000111e41a90:   0000000000000000 0000000000000000
0x0000000111e41aa0:   0000000000000000 0000000111e41c90
0x0000000111e41ab0:   0000000108287dc2 00007fc9ba525bd0
0x0000000111e41ac0:   0000000111e41b08 0000000108293588
0x0000000111e41ad0:   0000000111e41ae0 00000001082650b4
0x0000000111e41ae0:   0000000111e41d00 000000010826e642
0x0000000111e41af0:   0001083e00000013 00000000000f0200
0x0000000111e41b00:   00007fc9ba542110 0000000111e41ba0
0x0000000111e41b10:   00007fc9000000e4 0000000111e41b20
0x0000000111e41b20:   00007fc900000048 0000000111e41b58
0x0000000111e41b30:   0000000000000000 0000000000000000
0x0000000111e41b40:   0001083e0000001c 0000000000000080
0x0000000111e41b50:   0000000111e41b58 c97f000008000000
0x0000000111e41b60:   0800000058ee53ba 3e74696e696c633c
0x0000000111e41b70:   0056292803000000 0008000000000000
0x0000000111e41b80:   0050ee53bac97f00 74696e693c060000
0x0000000111e41b90:   562928030000003e 0100000000000000
0x0000000111e41ba0:   e60100001f000000 2800000000000000
0x0000000111e41bb0:   00000000e8010000 e901000038000000
0x0000000111e41bc0:   4000000000000000 00000000ea010000
0x0000000111e41bd0:   eb0100004c000000 5100000000000000
0x0000000111e41be0:   00000000ea010000 ee01000057000000 

Instructions: (pc=0x0000000107b37af4)
0x0000000107b37ad4:   00 00 00 41 f6 87 68 01 00 00 10 75 07 b8 63 00
0x0000000107b37ae4:   00 00 eb 7a 4d 85 f6 75 07 b8 17 00 00 00 eb 6e
0x0000000107b37af4:   4d 8b 36 48 b8 fe fe fe fe fe fe fe fe 49 39 c6
0x0000000107b37b04:   74 e7 4d 85 f6 74 e2 48 8d 05 4e 57 4d 00 80 38 

Register to memory mapping:

RAX=0x0000000000000001 is an unknown value
RBX=0x0000000111e41a8b is pointing into the stack for thread: 0x00007fc9bb025000
RCX=0x00000000000fc080 is an unknown value
RDX=0x0000000111e41a8b is pointing into the stack for thread: 0x00007fc9bb025000
RSP=0x0000000111e419f0 is pointing into the stack for thread: 0x00007fc9bb025000
RBP=0x0000000111e41a40 is pointing into the stack for thread: 0x00007fc9bb025000
RSI=0x00007fc9bb025000 is a thread
RDI=0x00007fc9ba502860 is an unknown value
R8 =0x00007fc9ba61a0f0 is an unknown value
R9 =0x00007fc9ba6187a0 is an unknown value
R10=0x000000008326b1df is an unknown value
R11=0x00000000ba115cdc is an unknown value
R12=0x00007fc9bb025000 is a thread
R13=0x44415f6b726f0006 is an unknown value
R14=0x44415f6b726f0006 is an unknown value
R15=0x00007fc9ba502860 is an unknown value


Stack: [0x0000000111d42000,0x0000000111e42000],  sp=0x0000000111e419f0,  free space=1022k
Native frames: (J=compiled Java code, j=interpreted, Vv=VM code, C=native code)
V  [libjvm.dylib+0x337af4]  jvmti_IsMethodSynthetic+0xb9
C  [libjdwp.dylib+0x201a8]  isMethodSynthetic+0x63
C  [libjdwp.dylib+0x4fbb]  methods1+0x10b
C  [libjdwp.dylib+0x50b4]  methodsWithGeneric+0xe
C  [libjdwp.dylib+0xe642]  debugLoop_run+0x1ce
C  [libjdwp.dylib+0x1f0e2]  attachThread+0x4d
V  [libjvm.dylib+0x378716]  JvmtiAgentThread::call_start_function()+0x38
V  [libjvm.dylib+0x4f600d]  JavaThread::thread_main_inner()+0x9b
V  [libjvm.dylib+0x4f7715]  JavaThread::run()+0x1a3
V  [libjvm.dylib+0x420eb6]  java_start(Thread*)+0x126
C  [libsystem_pthread.dylib+0x1899]  _pthread_body+0x8a
C  [libsystem_pthread.dylib+0x172a]  _pthread_struct_init+0x0
C  [libsystem_pthread.dylib+0x5fc9]  thread_start+0xd


---------------  P R O C E S S  ---------------

Java Threads: ( => current thread )
  0x00007fc9ba820800 JavaThread "Service Thread" daemon [_thread_blocked, id=20739, stack(0x0000000112251000,0x0000000112351000)]
  0x00007fc9bb830000 JavaThread "C2 CompilerThread1" daemon [_thread_blocked, id=20227, stack(0x000000011214e000,0x000000011224e000)]
  0x00007fc9bb031000 JavaThread "C2 CompilerThread0" daemon [_thread_blocked, id=19715, stack(0x000000011204b000,0x000000011214b000)]
  0x00007fc9bc017800 JavaThread "JDWP Command Reader" daemon [_thread_in_native, id=19203, stack(0x0000000111f48000,0x0000000112048000)]
  0x00007fc9bb026000 JavaThread "JDWP Event Helper Thread" daemon [_thread_blocked, id=18691, stack(0x0000000111e45000,0x0000000111f45000)]
=>0x00007fc9bb025000 JavaThread "JDWP Transport Listener: dt_socket" daemon [_thread_in_vm, id=18179, stack(0x0000000111d42000,0x0000000111e42000)]
  0x00007fc9ba80a000 JavaThread "Signal Dispatcher" daemon [_thread_blocked, id=17667, stack(0x0000000111c39000,0x0000000111d39000)]
  0x00007fc9bc016800 JavaThread "Finalizer" daemon [_thread_blocked, id=12547, stack(0x00000001119e9000,0x0000000111ae9000)]
  0x00007fc9bb829800 JavaThread "Reference Handler" daemon [_thread_blocked, id=12035, stack(0x00000001118e6000,0x00000001119e6000)]
  0x00007fc9bb004800 JavaThread "main" [_thread_blocked, id=6403, stack(0x0000000106e88000,0x0000000106f88000)]

Other Threads:
  0x00007fc9bb829000 VMThread [stack: 0x00000001117e3000,0x00000001118e3000] [id=11523]
  0x00007fc9ba81d000 WatcherThread [stack: 0x0000000112354000,0x0000000112454000] [id=21251]

VM state:not at safepoint (normal execution)

VM Mutex/Monitor currently owned by a thread: None

Heap
 PSYoungGen      total 38912K, used 14232K [0x00000007d5500000, 0x00000007d8000000, 0x0000000800000000)
  eden space 33792K, 42% used [0x00000007d5500000,0x00000007d62e6048,0x00000007d7600000)
  from space 5120K, 0% used [0x00000007d7b00000,0x00000007d7b00000,0x00000007d8000000)
  to   space 5120K, 0% used [0x00000007d7600000,0x00000007d7600000,0x00000007d7b00000)
 ParOldGen       total 87040K, used 0K [0x0000000780000000, 0x0000000785500000, 0x00000007d5500000)
  object space 87040K, 0% used [0x0000000780000000,0x0000000780000000,0x0000000785500000)
 PSPermGen       total 21504K, used 8514K [0x000000077ae00000, 0x000000077c300000, 0x0000000780000000)
  object space 21504K, 39% used [0x000000077ae00000,0x000000077b650a70,0x000000077c300000)

Card table byte_map: [0x000000010b35d000,0x000000010b787000] byte_map_base: 0x0000000107786000

Polling page: 0x0000000106fc7000

Code Cache  [0x000000010829d000, 0x000000010850d000, 0x000000010b29d000)
 total_blobs=314 nmethods=61 adapters=215 free_code_cache=48560Kb largest_free_block=49699584

Compilation events (10 events):
Event: 1.535 Thread 0x00007fc9bb031000 nmethod 57 0x0000000108327590 code [0x00000001083276e0, 0x0000000108327868]
Event: 1.535 Thread 0x00007fc9bb031000   58             java.lang.String::<init> (67 bytes)
Event: 1.538 Thread 0x00007fc9bb031000 nmethod 58 0x0000000108328c90 code [0x0000000108328de0, 0x0000000108329118]
Event: 1.553 Thread 0x00007fc9bb830000 nmethod 56 0x00000001083351d0 code [0x0000000108335440, 0x00000001083368e8]
Event: 1.574 Thread 0x00007fc9bb031000   59             java.io.ByteArrayOutputStream::ensureCapacity (16 bytes)
Event: 1.574 Thread 0x00007fc9bb031000 nmethod 59 0x0000000108328990 code [0x0000000108328ae0, 0x0000000108328bc8]
Event: 1.575 Thread 0x00007fc9bb830000   60  s          java.io.ByteArrayOutputStream::write (32 bytes)
Event: 1.575 Thread 0x00007fc9bb031000   61             java.util.HashMap::getEntry (86 bytes)
Event: 1.578 Thread 0x00007fc9bb830000 nmethod 60 0x0000000108328210 code [0x0000000108328360, 0x00000001083287e8]
Event: 1.578 Thread 0x00007fc9bb031000 nmethod 61 0x0000000108327c50 code [0x0000000108327dc0, 0x0000000108328008]

GC Heap History (0 events):
No events

Deoptimization events (4 events):
Event: 0.635 Thread 0x00007fc9bb004800 Uncommon trap: reason=unhandled action=none pc=0x000000010831cae8 method=java.lang.Integer.parseInt(Ljava/lang/String;I)I @ 204
Event: 0.707 Thread 0x00007fc9bb004800 Uncommon trap: reason=unhandled action=none pc=0x000000010831cae8 method=java.lang.Integer.parseInt(Ljava/lang/String;I)I @ 204
Event: 1.209 Thread 0x00007fc9bb004800 Uncommon trap: reason=unreached action=reinterpret pc=0x0000000108314e24 method=java.util.Arrays.equals([B[B)Z @ 12
Event: 1.299 Thread 0x00007fc9bb004800 Uncommon trap: reason=unhandled action=none pc=0x000000010831cae8 method=java.lang.Integer.parseInt(Ljava/lang/String;I)I @ 204

Internal exceptions (10 events):
Event: 1.601 Thread 0x00007fc9bb004800 Threw 0x00000007d61abb90 at /HUDSON/workspace/7u-2-build-macosx-x86_64/jdk7u72/1606/hotspot/src/share/vm/prims/jvm.cpp:1281
Event: 1.601 Thread 0x00007fc9bb004800 Threw 0x00000007d61b5048 at /HUDSON/workspace/7u-2-build-macosx-x86_64/jdk7u72/1606/hotspot/src/share/vm/prims/jvm.cpp:1281
Event: 1.602 Thread 0x00007fc9bb004800 Threw 0x00000007d61bb250 at /HUDSON/workspace/7u-2-build-macosx-x86_64/jdk7u72/1606/hotspot/src/share/vm/prims/jvm.cpp:1281
Event: 1.603 Thread 0x00007fc9bb004800 Threw 0x00000007d61c1180 at /HUDSON/workspace/7u-2-build-macosx-x86_64/jdk7u72/1606/hotspot/src/share/vm/prims/jvm.cpp:1281
Event: 1.603 Thread 0x00007fc9bb004800 Threw 0x00000007d61c6720 at /HUDSON/workspace/7u-2-build-macosx-x86_64/jdk7u72/1606/hotspot/src/share/vm/prims/jvm.cpp:1281
Event: 1.604 Thread 0x00007fc9bb004800 Threw 0x00000007d61cbc80 at /HUDSON/workspace/7u-2-build-macosx-x86_64/jdk7u72/1606/hotspot/src/share/vm/prims/jvm.cpp:1281
Event: 1.605 Thread 0x00007fc9bb004800 Threw 0x00000007d61d23d8 at /HUDSON/workspace/7u-2-build-macosx-x86_64/jdk7u72/1606/hotspot/src/share/vm/prims/jvm.cpp:1281
Event: 1.606 Thread 0x00007fc9bb004800 Threw 0x00000007d61d9fb0 at /HUDSON/workspace/7u-2-build-macosx-x86_64/jdk7u72/1606/hotspot/src/share/vm/prims/jvm.cpp:1281
Event: 1.607 Thread 0x00007fc9bb004800 Threw 0x00000007d61dfcb8 at /HUDSON/workspace/7u-2-build-macosx-x86_64/jdk7u72/1606/hotspot/src/share/vm/prims/jvm.cpp:1281
Event: 1.609 Thread 0x00007fc9bb004800 Threw 0x00000007d61e6d50 at /HUDSON/workspace/7u-2-build-macosx-x86_64/jdk7u72/1606/hotspot/src/share/vm/prims/jvm.cpp:1281

Events (10 events):
Event: 181219.652 Executing VM operation: ChangeBreakpoints
Event: 181219.652 Executing VM operation: ChangeBreakpoints done
Event: 181219.683 Executing VM operation: ChangeBreakpoints
Event: 181219.683 Executing VM operation: ChangeBreakpoints done
Event: 181219.687 Executing VM operation: ChangeBreakpoints
Event: 181219.688 Executing VM operation: ChangeBreakpoints done
Event: 181441.890 Executing VM operation: RedefineClasses
Event: 181441.893 Executing VM operation: RedefineClasses done
Event: 181449.350 Executing VM operation: RedefineClasses
Event: 181449.351 Executing VM operation: RedefineClasses done


Dynamic libraries:
0x000000000d354000 	/System/Library/Frameworks/Cocoa.framework/Versions/A/Cocoa
0x000000000d354000 	/System/Library/Frameworks/Security.framework/Versions/A/Security
0x000000000d354000 	/System/Library/Frameworks/ApplicationServices.framework/Versions/A/ApplicationServices
0x000000000d354000 	/usr/lib/libz.1.dylib
0x000000000d354000 	/usr/lib/libSystem.B.dylib
0x000000000d354000 	/usr/lib/libobjc.A.dylib
0x000000000d354000 	/System/Library/Frameworks/CoreFoundation.framework/Versions/A/CoreFoundation
0x000000000d354000 	/System/Library/Frameworks/Foundation.framework/Versions/C/Foundation
0x000000000d354000 	/System/Library/Frameworks/AppKit.framework/Versions/C/AppKit
0x000000000d354000 	/System/Library/Frameworks/CoreData.framework/Versions/A/CoreData
0x000000000d354000 	/System/Library/PrivateFrameworks/RemoteViewServices.framework/Versions/A/RemoteViewServices
0x000000000d354000 	/System/Library/Frameworks/AudioToolbox.framework/Versions/A/AudioToolbox
0x000000000d354000 	/System/Library/Frameworks/AudioUnit.framework/Versions/A/AudioUnit
0x000000000d354000 	/System/Library/PrivateFrameworks/DataDetectorsCore.framework/Versions/A/DataDetectorsCore
0x000000000d354000 	/System/Library/PrivateFrameworks/DesktopServicesPriv.framework/Versions/A/DesktopServicesPriv
0x000000000d354000 	/System/Library/Frameworks/Carbon.framework/Versions/A/Frameworks/HIToolbox.framework/Versions/A/HIToolbox
0x000000000d354000 	/System/Library/Frameworks/QuartzCore.framework/Versions/A/QuartzCore
0x000000000d354000 	/System/Library/Frameworks/Carbon.framework/Versions/A/Frameworks/SpeechRecognition.framework/Versions/A/SpeechRecognition
0x000000000d354000 	/usr/lib/libauto.dylib
0x000000000d354000 	/usr/lib/libicucore.A.dylib
0x000000000d354000 	/usr/lib/libxml2.2.dylib
0x000000000d354000 	/System/Library/PrivateFrameworks/CoreUI.framework/Versions/A/CoreUI
0x000000000d354000 	/System/Library/Frameworks/CoreAudio.framework/Versions/A/CoreAudio
0x000000000d354000 	/System/Library/Frameworks/DiskArbitration.framework/Versions/A/DiskArbitration
0x000000000d354000 	/usr/lib/liblangid.dylib
0x000000000d354000 	/System/Library/PrivateFrameworks/MultitouchSupport.framework/Versions/A/MultitouchSupport
0x000000000d354000 	/System/Library/Frameworks/IOKit.framework/Versions/A/IOKit
0x000000000d354000 	/usr/lib/libDiagnosticMessagesClient.dylib
0x000000000d354000 	/System/Library/Frameworks/CoreServices.framework/Versions/A/CoreServices
0x000000000d354000 	/System/Library/PrivateFrameworks/PerformanceAnalysis.framework/Versions/A/PerformanceAnalysis
0x000000000d354000 	/System/Library/PrivateFrameworks/GenerationalStorage.framework/Versions/A/GenerationalStorage
0x000000000d354000 	/System/Library/Frameworks/OpenGL.framework/Versions/A/OpenGL
0x000000000d354000 	/System/Library/PrivateFrameworks/Sharing.framework/Versions/A/Sharing
0x000000000d354000 	/System/Library/Frameworks/ImageIO.framework/Versions/A/ImageIO
0x000000000d354000 	/System/Library/Frameworks/CoreText.framework/Versions/A/CoreText
0x000000000d354000 	/System/Library/Frameworks/CoreGraphics.framework/Versions/A/CoreGraphics
0x000000000d354000 	/System/Library/PrivateFrameworks/Backup.framework/Versions/A/Backup
0x000000000d354000 	/System/Library/Frameworks/CFNetwork.framework/Versions/A/CFNetwork
0x000000000d354000 	/System/Library/Frameworks/SystemConfiguration.framework/Versions/A/SystemConfiguration
0x000000000d354000 	/usr/lib/libCRFSuite.dylib
0x000000000d354000 	/usr/lib/libc++.1.dylib
0x000000000d354000 	/usr/lib/libc++abi.dylib
0x000000000d354000 	/usr/lib/system/libcache.dylib
0x000000000d354000 	/usr/lib/system/libcommonCrypto.dylib
0x000000000d354000 	/usr/lib/system/libcompiler_rt.dylib
0x000000000d354000 	/usr/lib/system/libcopyfile.dylib
0x000000000d354000 	/usr/lib/system/libcorecrypto.dylib
0x000000000d354000 	/usr/lib/system/libdispatch.dylib
0x000000000d354000 	/usr/lib/system/libdyld.dylib
0x000000000d354000 	/usr/lib/system/libkeymgr.dylib
0x000000000d354000 	/usr/lib/system/liblaunch.dylib
0x000000000d354000 	/usr/lib/system/libmacho.dylib
0x000000000d354000 	/usr/lib/system/libquarantine.dylib
0x000000000d354000 	/usr/lib/system/libremovefile.dylib
0x000000000d354000 	/usr/lib/system/libsystem_asl.dylib
0x000000000d354000 	/usr/lib/system/libsystem_blocks.dylib
0x000000000d354000 	/usr/lib/system/libsystem_c.dylib
0x000000000d354000 	/usr/lib/system/libsystem_configuration.dylib
0x000000000d354000 	/usr/lib/system/libsystem_dnssd.dylib
0x000000000d354000 	/usr/lib/system/libsystem_info.dylib
0x000000000d354000 	/usr/lib/system/libsystem_kernel.dylib
0x000000000d354000 	/usr/lib/system/libsystem_m.dylib
0x000000000d354000 	/usr/lib/system/libsystem_malloc.dylib
0x000000000d354000 	/usr/lib/system/libsystem_network.dylib
0x000000000d354000 	/usr/lib/system/libsystem_notify.dylib
0x000000000d354000 	/usr/lib/system/libsystem_platform.dylib
0x000000000d354000 	/usr/lib/system/libsystem_pthread.dylib
0x000000000d354000 	/usr/lib/system/libsystem_sandbox.dylib
0x000000000d354000 	/usr/lib/system/libsystem_stats.dylib
0x000000000d354000 	/usr/lib/system/libunc.dylib
0x000000000d354000 	/usr/lib/system/libunwind.dylib
0x000000000d354000 	/usr/lib/system/libxpc.dylib
0x000000000d354000 	/usr/lib/libbsm.0.dylib
0x000000000d354000 	/usr/lib/libsqlite3.dylib
0x000000000d354000 	/usr/lib/libxar.1.dylib
0x000000000d354000 	/usr/lib/libpam.2.dylib
0x000000000d354000 	/usr/lib/libOpenScriptingUtil.dylib
0x000000000d354000 	/usr/lib/libbz2.1.0.dylib
0x000000000d354000 	/System/Library/Frameworks/CoreServices.framework/Versions/A/Frameworks/CarbonCore.framework/Versions/A/CarbonCore
0x000000000d354000 	/System/Library/Frameworks/CoreServices.framework/Versions/A/Frameworks/Metadata.framework/Versions/A/Metadata
0x000000000d354000 	/System/Library/Frameworks/CoreServices.framework/Versions/A/Frameworks/OSServices.framework/Versions/A/OSServices
0x000000000d354000 	/System/Library/Frameworks/CoreServices.framework/Versions/A/Frameworks/SearchKit.framework/Versions/A/SearchKit
0x000000000d354000 	/System/Library/Frameworks/CoreServices.framework/Versions/A/Frameworks/AE.framework/Versions/A/AE
0x000000000d354000 	/System/Library/Frameworks/CoreServices.framework/Versions/A/Frameworks/LaunchServices.framework/Versions/A/LaunchServices
0x000000000d354000 	/System/Library/Frameworks/CoreServices.framework/Versions/A/Frameworks/DictionaryServices.framework/Versions/A/DictionaryServices
0x000000000d354000 	/System/Library/Frameworks/NetFS.framework/Versions/A/NetFS
0x000000000d354000 	/usr/lib/system/libkxld.dylib
0x000000000d354000 	/System/Library/PrivateFrameworks/NetAuth.framework/Versions/A/NetAuth
0x000000000d354000 	/System/Library/PrivateFrameworks/TCC.framework/Versions/A/TCC
0x000000000d354000 	/System/Library/Frameworks/OpenDirectory.framework/Versions/A/Frameworks/CFOpenDirectory.framework/Versions/A/CFOpenDirectory
0x000000000d354000 	/System/Library/Frameworks/ServiceManagement.framework/Versions/A/ServiceManagement
0x000000000d354000 	/usr/lib/libxslt.1.dylib
0x000000000d354000 	/System/Library/Frameworks/Carbon.framework/Versions/A/Frameworks/Ink.framework/Versions/A/Ink
0x000000000d354000 	/System/Library/Frameworks/ApplicationServices.framework/Versions/A/Frameworks/ATS.framework/Versions/A/ATS
0x000000000d354000 	/System/Library/Frameworks/ApplicationServices.framework/Versions/A/Frameworks/ColorSync.framework/Versions/A/ColorSync
0x000000000d354000 	/System/Library/Frameworks/ApplicationServices.framework/Versions/A/Frameworks/HIServices.framework/Versions/A/HIServices
0x000000000d354000 	/System/Library/Frameworks/ApplicationServices.framework/Versions/A/Frameworks/LangAnalysis.framework/Versions/A/LangAnalysis
0x000000000d354000 	/System/Library/Frameworks/ApplicationServices.framework/Versions/A/Frameworks/PrintCore.framework/Versions/A/PrintCore
0x000000000d354000 	/System/Library/Frameworks/ApplicationServices.framework/Versions/A/Frameworks/QD.framework/Versions/A/QD
0x000000000d354000 	/System/Library/Frameworks/ApplicationServices.framework/Versions/A/Frameworks/SpeechSynthesis.framework/Versions/A/SpeechSynthesis
0x000000000d354000 	/System/Library/Frameworks/IOSurface.framework/Versions/A/IOSurface
0x000000000d354000 	/System/Library/Frameworks/Accelerate.framework/Versions/A/Accelerate
0x000000000d354000 	/System/Library/Frameworks/Accelerate.framework/Versions/A/Frameworks/vImage.framework/Versions/A/vImage
0x000000000d354000 	/System/Library/Frameworks/Accelerate.framework/Versions/A/Frameworks/vecLib.framework/Versions/A/vecLib
0x000000000d354000 	/System/Library/Frameworks/Accelerate.framework/Versions/A/Frameworks/vecLib.framework/Versions/A/libvDSP.dylib
0x000000000d354000 	/System/Library/Frameworks/Accelerate.framework/Versions/A/Frameworks/vecLib.framework/Versions/A/libvMisc.dylib
0x000000000d354000 	/System/Library/Frameworks/Accelerate.framework/Versions/A/Frameworks/vecLib.framework/Versions/A/libLAPACK.dylib
0x000000000d354000 	/System/Library/Frameworks/Accelerate.framework/Versions/A/Frameworks/vecLib.framework/Versions/A/libBLAS.dylib
0x000000000d354000 	/System/Library/Frameworks/ApplicationServices.framework/Versions/A/Frameworks/ATS.framework/Versions/A/Resources/libFontParser.dylib
0x000000000d354000 	/System/Library/Frameworks/ApplicationServices.framework/Versions/A/Frameworks/ATS.framework/Versions/A/Resources/libFontRegistry.dylib
0x000000000d354000 	/System/Library/Frameworks/ImageIO.framework/Versions/A/Resources/libJPEG.dylib
0x000000000d354000 	/System/Library/Frameworks/ImageIO.framework/Versions/A/Resources/libTIFF.dylib
0x000000000d354000 	/System/Library/Frameworks/ImageIO.framework/Versions/A/Resources/libPng.dylib
0x000000000d354000 	/System/Library/Frameworks/ImageIO.framework/Versions/A/Resources/libGIF.dylib
0x000000000d354000 	/System/Library/Frameworks/ImageIO.framework/Versions/A/Resources/libJP2.dylib
0x000000000d354000 	/System/Library/Frameworks/ImageIO.framework/Versions/A/Resources/libRadiance.dylib
0x000000000d354000 	/usr/lib/libcups.2.dylib
0x000000000d354000 	/System/Library/Frameworks/Kerberos.framework/Versions/A/Kerberos
0x000000000d354000 	/System/Library/Frameworks/GSS.framework/Versions/A/GSS
0x000000000d354000 	/usr/lib/libresolv.9.dylib
0x000000000d354000 	/usr/lib/libiconv.2.dylib
0x000000000d354000 	/System/Library/PrivateFrameworks/Heimdal.framework/Versions/A/Heimdal
0x000000000d354000 	/System/Library/PrivateFrameworks/TrustEvaluationAgent.framework/Versions/A/TrustEvaluationAgent
0x000000000d354000 	/usr/lib/libheimdal-asn1.dylib
0x000000000d354000 	/System/Library/Frameworks/OpenDirectory.framework/Versions/A/OpenDirectory
0x000000000d354000 	/System/Library/PrivateFrameworks/CommonAuth.framework/Versions/A/CommonAuth
0x000000000d354000 	/System/Library/Frameworks/SecurityFoundation.framework/Versions/A/SecurityFoundation
0x000000000d354000 	/System/Library/PrivateFrameworks/Bom.framework/Versions/A/Bom
0x000000000d354000 	/System/Library/Frameworks/CoreVideo.framework/Versions/A/CoreVideo
0x000000000d354000 	/System/Library/Frameworks/QuartzCore.framework/Versions/A/Frameworks/CoreImage.framework/Versions/A/CoreImage
0x000000000d354000 	/System/Library/Frameworks/QuartzCore.framework/Versions/A/Frameworks/ScalableUserInterface.framework/Versions/A/ScalableUserInterface
0x000000000d354000 	/System/Library/Frameworks/OpenGL.framework/Versions/A/Libraries/libGLU.dylib
0x000000000d354000 	/System/Library/Frameworks/OpenGL.framework/Versions/A/Libraries/libGFXShared.dylib
0x000000000d354000 	/System/Library/Frameworks/OpenGL.framework/Versions/A/Libraries/libGL.dylib
0x000000000d354000 	/System/Library/Frameworks/OpenGL.framework/Versions/A/Libraries/libGLImage.dylib
0x000000000d354000 	/System/Library/Frameworks/OpenGL.framework/Versions/A/Libraries/libCVMSPluginSupport.dylib
0x000000000d354000 	/System/Library/Frameworks/OpenGL.framework/Versions/A/Libraries/libCoreVMClient.dylib
0x000000000d354000 	/System/Library/PrivateFrameworks/FaceCore.framework/Versions/A/FaceCore
0x000000000d354000 	/System/Library/PrivateFrameworks/CrashReporterSupport.framework/Versions/A/CrashReporterSupport
0x000000000d354000 	/System/Library/Frameworks/OpenCL.framework/Versions/A/OpenCL
0x000000000d354000 	/System/Library/PrivateFrameworks/AppleFSCompression.framework/Versions/A/AppleFSCompression
0x000000000d354000 	/System/Library/PrivateFrameworks/Ubiquity.framework/Versions/A/Ubiquity
0x000000000d354000 	/System/Library/PrivateFrameworks/IconServices.framework/Versions/A/IconServices
0x000000000d354000 	/System/Library/PrivateFrameworks/ChunkingLibrary.framework/Versions/A/ChunkingLibrary
0x000000000d354000 	/System/Library/PrivateFrameworks/CoreSymbolication.framework/Versions/A/CoreSymbolication
0x000000000d354000 	/System/Library/PrivateFrameworks/Symbolication.framework/Versions/A/Symbolication
0x000000000d354000 	/System/Library/PrivateFrameworks/DebugSymbols.framework/Versions/A/DebugSymbols
0x0000000107800000 	/Library/Java/JavaVirtualMachines/jdk1.7.0_72.jdk/Contents/Home/jre/lib/server/libjvm.dylib
0x000000000d354000 	/usr/lib/libstdc++.6.dylib
0x0000000106f8a000 	/Library/Java/JavaVirtualMachines/jdk1.7.0_72.jdk/Contents/Home/jre/lib/libverify.dylib
0x0000000106f97000 	/Library/Java/JavaVirtualMachines/jdk1.7.0_72.jdk/Contents/Home/jre/lib/libjava.dylib
0x0000000108260000 	/Library/Java/JavaVirtualMachines/jdk1.7.0_72.jdk/Contents/Home/jre/lib/libjdwp.dylib
0x0000000106fc8000 	/Library/Java/JavaVirtualMachines/jdk1.7.0_72.jdk/Contents/Home/jre/lib/libnpt.dylib
0x0000000106fd5000 	/Library/Java/JavaVirtualMachines/jdk1.7.0_72.jdk/Contents/Home/jre/lib/libzip.dylib
0x0000000111aeb000 	/System/Library/Frameworks/JavaVM.framework/Frameworks/JavaRuntimeSupport.framework/JavaRuntimeSupport
0x0000000111b03000 	/System/Library/Frameworks/JavaVM.framework/Versions/A/Frameworks/JavaNativeFoundation.framework/Versions/A/JavaNativeFoundation
0x0000000111b18000 	/System/Library/Frameworks/JavaVM.framework/Versions/A/JavaVM
0x000000000d354000 	/System/Library/Frameworks/Carbon.framework/Versions/A/Carbon
0x0000000111b25000 	/System/Library/PrivateFrameworks/JavaLaunching.framework/Versions/A/JavaLaunching
0x000000000d354000 	/System/Library/Frameworks/Carbon.framework/Versions/A/Frameworks/CommonPanels.framework/Versions/A/CommonPanels
0x000000000d354000 	/System/Library/Frameworks/Carbon.framework/Versions/A/Frameworks/Help.framework/Versions/A/Help
0x000000000d354000 	/System/Library/Frameworks/Carbon.framework/Versions/A/Frameworks/ImageCapture.framework/Versions/A/ImageCapture
0x000000000d354000 	/System/Library/Frameworks/Carbon.framework/Versions/A/Frameworks/OpenScripting.framework/Versions/A/OpenScripting
0x000000000d354000 	/System/Library/Frameworks/Carbon.framework/Versions/A/Frameworks/Print.framework/Versions/A/Print
0x000000000d354000 	/System/Library/Frameworks/Carbon.framework/Versions/A/Frameworks/SecurityHI.framework/Versions/A/SecurityHI
0x0000000111d3b000 	/Library/Java/JavaVirtualMachines/jdk1.7.0_72.jdk/Contents/Home/jre/lib/libdt_socket.dylib
0x00000001124a9000 	/Library/Java/JavaVirtualMachines/jdk1.7.0_72.jdk/Contents/Home/jre/lib/libsunec.dylib
0x000000011260a000 	/Library/Java/JavaVirtualMachines/jdk1.7.0_72.jdk/Contents/Home/jre/lib/libnet.dylib

VM Arguments:
jvm_args: -agentlib:jdwp=transport=dt_socket,suspend=y,address=localhost:50884 -Dfile.encoding=UTF-8 
java_command: mains.SampleApp
Launcher Type: SUN_STANDARD

Environment Variables:
PATH=/usr/bin:/bin:/usr/sbin:/sbin
SHELL=/bin/bash
DISPLAY=/tmp/launch-WNA1Ar/org.macosforge.xquartz:0

Signal Handlers:
SIGSEGV: [libjvm.dylib+0x52c465], sa_mask[0]=0xfffefeff, sa_flags=0x00000043
SIGBUS: [libjvm.dylib+0x52c465], sa_mask[0]=0xfffefeff, sa_flags=0x00000042
SIGFPE: [libjvm.dylib+0x41e5ce], sa_mask[0]=0xfffefeff, sa_flags=0x00000042
SIGPIPE: [libjvm.dylib+0x41e5ce], sa_mask[0]=0xfffefeff, sa_flags=0x00000042
SIGXFSZ: [libjvm.dylib+0x41e5ce], sa_mask[0]=0xfffefeff, sa_flags=0x00000042
SIGILL: [libjvm.dylib+0x41e5ce], sa_mask[0]=0xfffefeff, sa_flags=0x00000042
SIGUSR1: SIG_DFL, sa_mask[0]=0x00000000, sa_flags=0x00000002
SIGUSR2: [libjvm.dylib+0x41e0c0], sa_mask[0]=0x00000004, sa_flags=0x00000042
SIGHUP: [libjvm.dylib+0x41c351], sa_mask[0]=0xfffefeff, sa_flags=0x00000042
SIGINT: [libjvm.dylib+0x41c351], sa_mask[0]=0xfffefeff, sa_flags=0x00000042
SIGTERM: [libjvm.dylib+0x41c351], sa_mask[0]=0xfffefeff, sa_flags=0x00000042
SIGQUIT: [libjvm.dylib+0x41c351], sa_mask[0]=0xfffefeff, sa_flags=0x00000042


---------------  S Y S T E M  ---------------

OS:Bsduname:Darwin 13.0.2 Darwin Kernel Version 13.0.2: Sun Sep 29 19:38:57 PDT 2013; root:xnu-2422.75.4~1/RELEASE_X86_64 x86_64
rlimit: STACK 8192k, CORE 0k, NPROC 709, NOFILE 10240, AS infinity
load average:2.42 1.70 1.63

CPU:total 4 (2 cores per cpu, 2 threads per core) family 6 model 69 stepping 1, cmov, cx8, fxsr, mmx, sse, sse2, sse3, ssse3, sse4.1, sse4.2, popcnt, avx, avx2, aes, erms, ht, tsc, tscinvbit

Memory: 4k page, physical 8388608k(2097152k free)

/proc/meminfo:


vm_info: Java HotSpot(TM) 64-Bit Server VM (24.72-b04) for bsd-amd64 JRE (1.7.0_72-b14), built on Sep 26 2014 18:48:06 by "java_re" with gcc 4.2.1 (Based on Apple Inc. build 5658) (LLVM build 2336.11.00)

time: Sat Jun 13 19:35:28 2015
elapsed time: 181449 seconds

