#
# A fatal error has been detected by the Java Runtime Environment:
#
#  SIGSEGV (0xb) at pc=0x0000000110737b21, pid=35868, tid=18179
#
# JRE version: Java(TM) SE Runtime Environment (7.0_72-b14) (build 1.7.0_72-b14)
# Java VM: Java HotSpot(TM) 64-Bit Server VM (24.72-b04 mixed mode bsd-amd64 compressed oops)
# Problematic frame:
# V  [libjvm.dylib+0x337b21]
#
# Failed to write core dump. Core dumps have been disabled. To enable core dumping, try "ulimit -c unlimited" before starting Java again
#
# If you would like to submit a bug report, please visit:
#   http://bugreport.sun.com/bugreport/crash.jsp
#

---------------  T H R E A D  ---------------

Current thread (0x00007fe4cd010000):  JavaThread "JDWP Transport Listener: dt_socket" daemon [_thread_in_vm, id=18179, stack(0x000000011a9e0000,0x000000011aae0000)]

siginfo:si_signo=SIGSEGV: si_errno=0, si_code=0 (SEGV0), si_addr=0x0000000000000000

Registers:
RAX=0x0000000110b7a830, RBX=0x000000011aadfa8b, RCX=0x00000000000fc003, RDX=0x000000011aadfa8b
RSP=0x000000011aadf9f0, RBP=0x000000011aadfa40, RSI=0x00007fe4cd010000, RDI=0x00007fe4cb600430
R8 =0x00007fe4cb714b90, R9 =0x0000000000000000, R10=0x00000000ff449d80, R11=0x0000000056a21f6d
R12=0x00007fe4cd010000, R13=0x00007fe4cb730004, R14=0xd57051c800000000, R15=0x00007fe4cb600430
RIP=0x0000000110737b21, EFLAGS=0x0000000000010202, ERR=0x0000000000000000
  TRAPNO=0x000000000000000d

Top of Stack: (sp=0x000000011aadf9f0)
0x000000011aadf9f0:   00007fe4cd010000 0000000000000000
0x000000011aadfa00:   0000000000000000 0000000000000000
0x000000011aadfa10:   00007fe4cd010000 00007fe4cd010000
0x000000011aadfa20:   000000011aadfa8b 000000011aadfa90
0x000000011aadfa30:   00007fe4cb730004 0000000000000002
0x000000011aadfa40:   000000011aadfa60 000000010fb831a8
0x000000011aadfa50:   0000000000000001 000000011aadfb08
0x000000011aadfa60:   000000011aadfad0 000000010fb67fbb
0x000000011aadfa70:   000000011aadfaa0 00007fe4cb716e60
0x000000011aadfa80:   0000000800000032 0000000100adfb08
0x000000011aadfa90:   0000000000000000 0000000000000000
0x000000011aadfaa0:   0000000000000000 000000011aadfc90
0x000000011aadfab0:   000000010fb8adc2 00007fe4cb6279e0
0x000000011aadfac0:   000000011aadfb08 000000010fb96588
0x000000011aadfad0:   000000011aadfae0 000000010fb680b4
0x000000011aadfae0:   000000011aadfd00 000000010fb71642
0x000000011aadfaf0:   0001084c00000013 00000000000f0200
0x000000011aadfb00:   00007fe4cb627680 000000011aadfba0
0x000000011aadfb10:   00007fe4000000e4 000000011aadfb20
0x000000011aadfb20:   00007fe400000048 000000011aadfb58
0x000000011aadfb30:   0000000000000000 00007f0000000000
0x000000011aadfb40:   0001084c0000001c 00007fff0000fe80
0x000000011aadfb50:   000000011aadfb58 e47f000008000000
0x000000011aadfb60:   08000000087472cb 3e74696e696c633c
0x000000011aadfb70:   0056292803000000 0008000000000000
0x000000011aadfb80:   00007472cbe47f00 74696e693c060000
0x000000011aadfb90:   562928030000003e 0100000000000000
0x000000011aadfba0:   e60100001f000000 2800000000000000
0x000000011aadfbb0:   00000000e8010000 e901000038000000
0x000000011aadfbc0:   4000000000000000 00000000ea010000
0x000000011aadfbd0:   eb0100004c000000 5100000000000000
0x000000011aadfbe0:   00000000ea010000 ee01000057000000 

Instructions: (pc=0x0000000110737b21)
0x0000000110737b01:   49 39 c6 74 e7 4d 85 f6 74 e2 48 8d 05 4e 57 4d
0x0000000110737b11:   00 80 38 00 74 16 48 8d 05 12 2d 44 00 8a 48 08
0x0000000110737b21:   41 8b 7e 08 48 d3 e7 48 03 38 eb 04 49 8b 7e 08
0x0000000110737b31:   48 8b 47 10 48 83 c7 10 ff 90 28 01 00 00 84 c0 

Register to memory mapping:

RAX=0x0000000110b7a830: _ZN8Universe11_narrow_oopE+0 in /Library/Java/JavaVirtualMachines/jdk1.7.0_72.jdk/Contents/Home/jre/lib/server/libjvm.dylib at 0x0000000110400000
RBX=0x000000011aadfa8b is pointing into the stack for thread: 0x00007fe4cd010000
RCX=0x00000000000fc003 is an unknown value
RDX=0x000000011aadfa8b is pointing into the stack for thread: 0x00007fe4cd010000
RSP=0x000000011aadf9f0 is pointing into the stack for thread: 0x00007fe4cd010000
RBP=0x000000011aadfa40 is pointing into the stack for thread: 0x00007fe4cd010000
RSI=0x00007fe4cd010000 is a thread
RDI=0x00007fe4cb600430 is an unknown value
R8 =0x00007fe4cb714b90 is an unknown value
R9 =0x0000000000000000 is an unknown value
R10=0x00000000ff449d80 is an unknown value
R11=0x0000000056a21f6d is an unknown value
R12=0x00007fe4cd010000 is a thread
R13=0x00007fe4cb730004 is an unknown value
R14=0xd57051c800000000 is an unknown value
R15=0x00007fe4cb600430 is an unknown value


Stack: [0x000000011a9e0000,0x000000011aae0000],  sp=0x000000011aadf9f0,  free space=1022k
Native frames: (J=compiled Java code, j=interpreted, Vv=VM code, C=native code)
V  [libjvm.dylib+0x337b21]
C  [libjdwp.dylib+0x201a8]  isMethodSynthetic+0x63
C  [libjdwp.dylib+0x4fbb]  methods1+0x10b
C  [libjdwp.dylib+0x50b4]  methodsWithGeneric+0xe
C  [libjdwp.dylib+0xe642]  debugLoop_run+0x1ce
C  [libjdwp.dylib+0x1f0e2]  attachThread+0x4d
V  [libjvm.dylib+0x378716]
V  [libjvm.dylib+0x4f600d]
V  [libjvm.dylib+0x4f7715]
V  [libjvm.dylib+0x420eb6]
C  [libsystem_pthread.dylib+0x1899]  _pthread_body+0x8a
C  [libsystem_pthread.dylib+0x172a]  _pthread_struct_init+0x0
C  [libsystem_pthread.dylib+0x5fc9]  thread_start+0xd


---------------  P R O C E S S  ---------------

Java Threads: ( => current thread )
  0x00007fe4cd011800 JavaThread "Service Thread" daemon [_thread_blocked, id=20739, stack(0x000000011aeef000,0x000000011afef000)]
  0x00007fe4cc04e800 JavaThread "C2 CompilerThread1" daemon [_thread_blocked, id=20227, stack(0x000000011adec000,0x000000011aeec000)]
  0x00007fe4cc04d800 JavaThread "C2 CompilerThread0" daemon [_thread_blocked, id=19715, stack(0x000000011ace9000,0x000000011ade9000)]
  0x00007fe4cc04d000 JavaThread "JDWP Command Reader" daemon [_thread_in_native, id=19203, stack(0x000000011abe6000,0x000000011ace6000)]
  0x00007fe4cd00b000 JavaThread "JDWP Event Helper Thread" daemon [_thread_blocked, id=18691, stack(0x000000011aae3000,0x000000011abe3000)]
=>0x00007fe4cd010000 JavaThread "JDWP Transport Listener: dt_socket" daemon [_thread_in_vm, id=18179, stack(0x000000011a9e0000,0x000000011aae0000)]
  0x00007fe4cc04c000 JavaThread "Signal Dispatcher" daemon [_thread_blocked, id=17667, stack(0x000000011a8d7000,0x000000011a9d7000)]
  0x00007fe4cc04b800 JavaThread "Finalizer" daemon [_thread_blocked, id=12547, stack(0x000000011a686000,0x000000011a786000)]
  0x00007fe4cc04a800 JavaThread "Reference Handler" daemon [_thread_blocked, id=12035, stack(0x000000011a583000,0x000000011a683000)]
  0x00007fe4cc006000 JavaThread "main" [_thread_blocked, id=6403, stack(0x0000000110e61000,0x0000000110f61000)]

Other Threads:
  0x00007fe4cd009000 VMThread [stack: 0x000000011a480000,0x000000011a580000] [id=11523]
  0x00007fe4cb80a000 WatcherThread [stack: 0x000000011aff2000,0x000000011b0f2000] [id=21251]

VM state:not at safepoint (normal execution)

VM Mutex/Monitor currently owned by a thread: None

Heap
 PSYoungGen      total 38912K, used 14235K [0x00000007d5500000, 0x00000007d8000000, 0x0000000800000000)
  eden space 33792K, 42% used [0x00000007d5500000,0x00000007d62e6ef8,0x00000007d7600000)
  from space 5120K, 0% used [0x00000007d7b00000,0x00000007d7b00000,0x00000007d8000000)
  to   space 5120K, 0% used [0x00000007d7600000,0x00000007d7600000,0x00000007d7b00000)
 ParOldGen       total 87040K, used 0K [0x0000000780000000, 0x0000000785500000, 0x00000007d5500000)
  object space 87040K, 0% used [0x0000000780000000,0x0000000780000000,0x0000000785500000)
 PSPermGen       total 21504K, used 8514K [0x000000077ae00000, 0x000000077c300000, 0x0000000780000000)
  object space 21504K, 39% used [0x000000077ae00000,0x000000077b650a70,0x000000077c300000)

Card table byte_map: [0x0000000114023000,0x000000011444d000] byte_map_base: 0x000000011044c000

Polling page: 0x000000010fb62000

Code Cache  [0x0000000110f63000, 0x00000001111d3000, 0x0000000113f63000)
 total_blobs=315 nmethods=62 adapters=215 free_code_cache=48553Kb largest_free_block=49698880

Compilation events (10 events):
Event: 1.640 Thread 0x00007fe4cc04e800 nmethod 58 0x0000000110ff7d10 code [0x0000000110ff7e60, 0x0000000110ff7fe8]
Event: 1.640 Thread 0x00007fe4cc04e800   59             java.lang.String::<init> (67 bytes)
Event: 1.643 Thread 0x00007fe4cc04e800 nmethod 59 0x0000000110fef5d0 code [0x0000000110fef720, 0x0000000110fefa58]
Event: 1.656 Thread 0x00007fe4cc04d800 nmethod 57 0x0000000110ffb490 code [0x0000000110ffb700, 0x0000000110ffcba8]
Event: 1.676 Thread 0x00007fe4cc04e800   60             java.io.ByteArrayOutputStream::ensureCapacity (16 bytes)
Event: 1.677 Thread 0x00007fe4cc04e800 nmethod 60 0x0000000110fef2d0 code [0x0000000110fef420, 0x0000000110fef508]
Event: 1.677 Thread 0x00007fe4cc04d800   61  s          java.io.ByteArrayOutputStream::write (32 bytes)
Event: 1.677 Thread 0x00007fe4cc04e800   62             java.util.HashMap::getEntry (86 bytes)
Event: 1.680 Thread 0x00007fe4cc04d800 nmethod 61 0x0000000110feea90 code [0x0000000110feebe0, 0x0000000110fef068]
Event: 1.681 Thread 0x00007fe4cc04e800 nmethod 62 0x0000000110ff9550 code [0x0000000110ff96c0, 0x0000000110ff9908]

GC Heap History (0 events):
No events

Deoptimization events (5 events):
Event: 0.481 Thread 0x00007fe4cc006000 Uncommon trap: reason=unreached action=reinterpret pc=0x0000000110fd9068 method=java.math.BigInteger.squareToLen([II[I)[I @ 5
Event: 0.614 Thread 0x00007fe4cc006000 Uncommon trap: reason=unhandled action=none pc=0x0000000110fe1668 method=java.lang.Integer.parseInt(Ljava/lang/String;I)I @ 204
Event: 0.696 Thread 0x00007fe4cc006000 Uncommon trap: reason=unhandled action=none pc=0x0000000110fe1668 method=java.lang.Integer.parseInt(Ljava/lang/String;I)I @ 204
Event: 1.360 Thread 0x00007fe4cc006000 Uncommon trap: reason=unreached action=reinterpret pc=0x0000000110fdc1e4 method=java.util.Arrays.equals([B[B)Z @ 12
Event: 1.449 Thread 0x00007fe4cc006000 Uncommon trap: reason=unhandled action=none pc=0x0000000110fe1668 method=java.lang.Integer.parseInt(Ljava/lang/String;I)I @ 204

Internal exceptions (10 events):
Event: 1.708 Thread 0x00007fe4cc006000 Threw 0x00000007d61aca40 at /HUDSON/workspace/7u-2-build-macosx-x86_64/jdk7u72/1606/hotspot/src/share/vm/prims/jvm.cpp:1281
Event: 1.708 Thread 0x00007fe4cc006000 Threw 0x00000007d61b5ef8 at /HUDSON/workspace/7u-2-build-macosx-x86_64/jdk7u72/1606/hotspot/src/share/vm/prims/jvm.cpp:1281
Event: 1.709 Thread 0x00007fe4cc006000 Threw 0x00000007d61bc100 at /HUDSON/workspace/7u-2-build-macosx-x86_64/jdk7u72/1606/hotspot/src/share/vm/prims/jvm.cpp:1281
Event: 1.709 Thread 0x00007fe4cc006000 Threw 0x00000007d61c2030 at /HUDSON/workspace/7u-2-build-macosx-x86_64/jdk7u72/1606/hotspot/src/share/vm/prims/jvm.cpp:1281
Event: 1.709 Thread 0x00007fe4cc006000 Threw 0x00000007d61c75d0 at /HUDSON/workspace/7u-2-build-macosx-x86_64/jdk7u72/1606/hotspot/src/share/vm/prims/jvm.cpp:1281
Event: 1.710 Thread 0x00007fe4cc006000 Threw 0x00000007d61ccb30 at /HUDSON/workspace/7u-2-build-macosx-x86_64/jdk7u72/1606/hotspot/src/share/vm/prims/jvm.cpp:1281
Event: 1.710 Thread 0x00007fe4cc006000 Threw 0x00000007d61d3288 at /HUDSON/workspace/7u-2-build-macosx-x86_64/jdk7u72/1606/hotspot/src/share/vm/prims/jvm.cpp:1281
Event: 1.711 Thread 0x00007fe4cc006000 Threw 0x00000007d61dae60 at /HUDSON/workspace/7u-2-build-macosx-x86_64/jdk7u72/1606/hotspot/src/share/vm/prims/jvm.cpp:1281
Event: 1.711 Thread 0x00007fe4cc006000 Threw 0x00000007d61e0b68 at /HUDSON/workspace/7u-2-build-macosx-x86_64/jdk7u72/1606/hotspot/src/share/vm/prims/jvm.cpp:1281
Event: 1.712 Thread 0x00007fe4cc006000 Threw 0x00000007d61e7c00 at /HUDSON/workspace/7u-2-build-macosx-x86_64/jdk7u72/1606/hotspot/src/share/vm/prims/jvm.cpp:1281

Events (10 events):
Event: 181213.910 Executing VM operation: ChangeBreakpoints
Event: 181213.911 Executing VM operation: ChangeBreakpoints done
Event: 181213.914 Executing VM operation: ChangeBreakpoints
Event: 181213.915 Executing VM operation: ChangeBreakpoints done
Event: 181213.919 Executing VM operation: ChangeBreakpoints
Event: 181213.919 Executing VM operation: ChangeBreakpoints done
Event: 181436.092 Executing VM operation: RedefineClasses
Event: 181436.093 Executing VM operation: RedefineClasses done
Event: 181443.926 Executing VM operation: RedefineClasses
Event: 181443.935 Executing VM operation: RedefineClasses done


Dynamic libraries:
0x000000000d354000 	/System/Library/Frameworks/Cocoa.framework/Versions/A/Cocoa
0x000000000d354000 	/System/Library/Frameworks/Security.framework/Versions/A/Security
0x000000000d354000 	/System/Library/Frameworks/ApplicationServices.framework/Versions/A/ApplicationServices
0x000000000d354000 	/usr/lib/libz.1.dylib
0x000000000d354000 	/usr/lib/libSystem.B.dylib
0x000000000d354000 	/usr/lib/libobjc.A.dylib
0x000000000d354000 	/System/Library/Frameworks/CoreFoundation.framework/Versions/A/CoreFoundation
0x000000000d354000 	/System/Library/Frameworks/Foundation.framework/Versions/C/Foundation
0x000000000d354000 	/System/Library/Frameworks/AppKit.framework/Versions/C/AppKit
0x000000000d354000 	/System/Library/Frameworks/CoreData.framework/Versions/A/CoreData
0x000000000d354000 	/System/Library/PrivateFrameworks/RemoteViewServices.framework/Versions/A/RemoteViewServices
0x000000000d354000 	/System/Library/Frameworks/AudioToolbox.framework/Versions/A/AudioToolbox
0x000000000d354000 	/System/Library/Frameworks/AudioUnit.framework/Versions/A/AudioUnit
0x000000000d354000 	/System/Library/PrivateFrameworks/DataDetectorsCore.framework/Versions/A/DataDetectorsCore
0x000000000d354000 	/System/Library/PrivateFrameworks/DesktopServicesPriv.framework/Versions/A/DesktopServicesPriv
0x000000000d354000 	/System/Library/Frameworks/Carbon.framework/Versions/A/Frameworks/HIToolbox.framework/Versions/A/HIToolbox
0x000000000d354000 	/System/Library/Frameworks/QuartzCore.framework/Versions/A/QuartzCore
0x000000000d354000 	/System/Library/Frameworks/Carbon.framework/Versions/A/Frameworks/SpeechRecognition.framework/Versions/A/SpeechRecognition
0x000000000d354000 	/usr/lib/libauto.dylib
0x000000000d354000 	/usr/lib/libicucore.A.dylib
0x000000000d354000 	/usr/lib/libxml2.2.dylib
0x000000000d354000 	/System/Library/PrivateFrameworks/CoreUI.framework/Versions/A/CoreUI
0x000000000d354000 	/System/Library/Frameworks/CoreAudio.framework/Versions/A/CoreAudio
0x000000000d354000 	/System/Library/Frameworks/DiskArbitration.framework/Versions/A/DiskArbitration
0x000000000d354000 	/usr/lib/liblangid.dylib
0x000000000d354000 	/System/Library/PrivateFrameworks/MultitouchSupport.framework/Versions/A/MultitouchSupport
0x000000000d354000 	/System/Library/Frameworks/IOKit.framework/Versions/A/IOKit
0x000000000d354000 	/usr/lib/libDiagnosticMessagesClient.dylib
0x000000000d354000 	/System/Library/Frameworks/CoreServices.framework/Versions/A/CoreServices
0x000000000d354000 	/System/Library/PrivateFrameworks/PerformanceAnalysis.framework/Versions/A/PerformanceAnalysis
0x000000000d354000 	/System/Library/PrivateFrameworks/GenerationalStorage.framework/Versions/A/GenerationalStorage
0x000000000d354000 	/System/Library/Frameworks/OpenGL.framework/Versions/A/OpenGL
0x000000000d354000 	/System/Library/PrivateFrameworks/Sharing.framework/Versions/A/Sharing
0x000000000d354000 	/System/Library/Frameworks/ImageIO.framework/Versions/A/ImageIO
0x000000000d354000 	/System/Library/Frameworks/CoreText.framework/Versions/A/CoreText
0x000000000d354000 	/System/Library/Frameworks/CoreGraphics.framework/Versions/A/CoreGraphics
0x000000000d354000 	/System/Library/PrivateFrameworks/Backup.framework/Versions/A/Backup
0x000000000d354000 	/System/Library/Frameworks/CFNetwork.framework/Versions/A/CFNetwork
0x000000000d354000 	/System/Library/Frameworks/SystemConfiguration.framework/Versions/A/SystemConfiguration
0x000000000d354000 	/usr/lib/libCRFSuite.dylib
0x000000000d354000 	/usr/lib/libc++.1.dylib
0x000000000d354000 	/usr/lib/libc++abi.dylib
0x000000000d354000 	/usr/lib/system/libcache.dylib
0x000000000d354000 	/usr/lib/system/libcommonCrypto.dylib
0x000000000d354000 	/usr/lib/system/libcompiler_rt.dylib
0x000000000d354000 	/usr/lib/system/libcopyfile.dylib
0x000000000d354000 	/usr/lib/system/libcorecrypto.dylib
0x000000000d354000 	/usr/lib/system/libdispatch.dylib
0x000000000d354000 	/usr/lib/system/libdyld.dylib
0x000000000d354000 	/usr/lib/system/libkeymgr.dylib
0x000000000d354000 	/usr/lib/system/liblaunch.dylib
0x000000000d354000 	/usr/lib/system/libmacho.dylib
0x000000000d354000 	/usr/lib/system/libquarantine.dylib
0x000000000d354000 	/usr/lib/system/libremovefile.dylib
0x000000000d354000 	/usr/lib/system/libsystem_asl.dylib
0x000000000d354000 	/usr/lib/system/libsystem_blocks.dylib
0x000000000d354000 	/usr/lib/system/libsystem_c.dylib
0x000000000d354000 	/usr/lib/system/libsystem_configuration.dylib
0x000000000d354000 	/usr/lib/system/libsystem_dnssd.dylib
0x000000000d354000 	/usr/lib/system/libsystem_info.dylib
0x000000000d354000 	/usr/lib/system/libsystem_kernel.dylib
0x000000000d354000 	/usr/lib/system/libsystem_m.dylib
0x000000000d354000 	/usr/lib/system/libsystem_malloc.dylib
0x000000000d354000 	/usr/lib/system/libsystem_network.dylib
0x000000000d354000 	/usr/lib/system/libsystem_notify.dylib
0x000000000d354000 	/usr/lib/system/libsystem_platform.dylib
0x000000000d354000 	/usr/lib/system/libsystem_pthread.dylib
0x000000000d354000 	/usr/lib/system/libsystem_sandbox.dylib
0x000000000d354000 	/usr/lib/system/libsystem_stats.dylib
0x000000000d354000 	/usr/lib/system/libunc.dylib
0x000000000d354000 	/usr/lib/system/libunwind.dylib
0x000000000d354000 	/usr/lib/system/libxpc.dylib
0x000000000d354000 	/usr/lib/libbsm.0.dylib
0x000000000d354000 	/usr/lib/libsqlite3.dylib
0x000000000d354000 	/usr/lib/libxar.1.dylib
0x000000000d354000 	/usr/lib/libpam.2.dylib
0x000000000d354000 	/usr/lib/libOpenScriptingUtil.dylib
0x000000000d354000 	/usr/lib/libbz2.1.0.dylib
0x000000000d354000 	/System/Library/Frameworks/CoreServices.framework/Versions/A/Frameworks/CarbonCore.framework/Versions/A/CarbonCore
0x000000000d354000 	/System/Library/Frameworks/CoreServices.framework/Versions/A/Frameworks/Metadata.framework/Versions/A/Metadata
0x000000000d354000 	/System/Library/Frameworks/CoreServices.framework/Versions/A/Frameworks/OSServices.framework/Versions/A/OSServices
0x000000000d354000 	/System/Library/Frameworks/CoreServices.framework/Versions/A/Frameworks/SearchKit.framework/Versions/A/SearchKit
0x000000000d354000 	/System/Library/Frameworks/CoreServices.framework/Versions/A/Frameworks/AE.framework/Versions/A/AE
0x000000000d354000 	/System/Library/Frameworks/CoreServices.framework/Versions/A/Frameworks/LaunchServices.framework/Versions/A/LaunchServices
0x000000000d354000 	/System/Library/Frameworks/CoreServices.framework/Versions/A/Frameworks/DictionaryServices.framework/Versions/A/DictionaryServices
0x000000000d354000 	/System/Library/Frameworks/NetFS.framework/Versions/A/NetFS
0x000000000d354000 	/usr/lib/system/libkxld.dylib
0x000000000d354000 	/System/Library/PrivateFrameworks/NetAuth.framework/Versions/A/NetAuth
0x000000000d354000 	/System/Library/PrivateFrameworks/TCC.framework/Versions/A/TCC
0x000000000d354000 	/System/Library/Frameworks/OpenDirectory.framework/Versions/A/Frameworks/CFOpenDirectory.framework/Versions/A/CFOpenDirectory
0x000000000d354000 	/System/Library/Frameworks/ServiceManagement.framework/Versions/A/ServiceManagement
0x000000000d354000 	/usr/lib/libxslt.1.dylib
0x000000000d354000 	/System/Library/Frameworks/Carbon.framework/Versions/A/Frameworks/Ink.framework/Versions/A/Ink
0x000000000d354000 	/System/Library/Frameworks/ApplicationServices.framework/Versions/A/Frameworks/ATS.framework/Versions/A/ATS
0x000000000d354000 	/System/Library/Frameworks/ApplicationServices.framework/Versions/A/Frameworks/ColorSync.framework/Versions/A/ColorSync
0x000000000d354000 	/System/Library/Frameworks/ApplicationServices.framework/Versions/A/Frameworks/HIServices.framework/Versions/A/HIServices
0x000000000d354000 	/System/Library/Frameworks/ApplicationServices.framework/Versions/A/Frameworks/LangAnalysis.framework/Versions/A/LangAnalysis
0x000000000d354000 	/System/Library/Frameworks/ApplicationServices.framework/Versions/A/Frameworks/PrintCore.framework/Versions/A/PrintCore
0x000000000d354000 	/System/Library/Frameworks/ApplicationServices.framework/Versions/A/Frameworks/QD.framework/Versions/A/QD
0x000000000d354000 	/System/Library/Frameworks/ApplicationServices.framework/Versions/A/Frameworks/SpeechSynthesis.framework/Versions/A/SpeechSynthesis
0x000000000d354000 	/System/Library/Frameworks/IOSurface.framework/Versions/A/IOSurface
0x000000000d354000 	/System/Library/Frameworks/Accelerate.framework/Versions/A/Accelerate
0x000000000d354000 	/System/Library/Frameworks/Accelerate.framework/Versions/A/Frameworks/vImage.framework/Versions/A/vImage
0x000000000d354000 	/System/Library/Frameworks/Accelerate.framework/Versions/A/Frameworks/vecLib.framework/Versions/A/vecLib
0x000000000d354000 	/System/Library/Frameworks/Accelerate.framework/Versions/A/Frameworks/vecLib.framework/Versions/A/libvDSP.dylib
0x000000000d354000 	/System/Library/Frameworks/Accelerate.framework/Versions/A/Frameworks/vecLib.framework/Versions/A/libvMisc.dylib
0x000000000d354000 	/System/Library/Frameworks/Accelerate.framework/Versions/A/Frameworks/vecLib.framework/Versions/A/libLAPACK.dylib
0x000000000d354000 	/System/Library/Frameworks/Accelerate.framework/Versions/A/Frameworks/vecLib.framework/Versions/A/libBLAS.dylib
0x000000000d354000 	/System/Library/Frameworks/ApplicationServices.framework/Versions/A/Frameworks/ATS.framework/Versions/A/Resources/libFontParser.dylib
0x000000000d354000 	/System/Library/Frameworks/ApplicationServices.framework/Versions/A/Frameworks/ATS.framework/Versions/A/Resources/libFontRegistry.dylib
0x000000000d354000 	/System/Library/Frameworks/ImageIO.framework/Versions/A/Resources/libJPEG.dylib
0x000000000d354000 	/System/Library/Frameworks/ImageIO.framework/Versions/A/Resources/libTIFF.dylib
0x000000000d354000 	/System/Library/Frameworks/ImageIO.framework/Versions/A/Resources/libPng.dylib
0x000000000d354000 	/System/Library/Frameworks/ImageIO.framework/Versions/A/Resources/libGIF.dylib
0x000000000d354000 	/System/Library/Frameworks/ImageIO.framework/Versions/A/Resources/libJP2.dylib
0x000000000d354000 	/System/Library/Frameworks/ImageIO.framework/Versions/A/Resources/libRadiance.dylib
0x000000000d354000 	/usr/lib/libcups.2.dylib
0x000000000d354000 	/System/Library/Frameworks/Kerberos.framework/Versions/A/Kerberos
0x000000000d354000 	/System/Library/Frameworks/GSS.framework/Versions/A/GSS
0x000000000d354000 	/usr/lib/libresolv.9.dylib
0x000000000d354000 	/usr/lib/libiconv.2.dylib
0x000000000d354000 	/System/Library/PrivateFrameworks/Heimdal.framework/Versions/A/Heimdal
0x000000000d354000 	/System/Library/PrivateFrameworks/TrustEvaluationAgent.framework/Versions/A/TrustEvaluationAgent
0x000000000d354000 	/usr/lib/libheimdal-asn1.dylib
0x000000000d354000 	/System/Library/Frameworks/OpenDirectory.framework/Versions/A/OpenDirectory
0x000000000d354000 	/System/Library/PrivateFrameworks/CommonAuth.framework/Versions/A/CommonAuth
0x000000000d354000 	/System/Library/Frameworks/SecurityFoundation.framework/Versions/A/SecurityFoundation
0x000000000d354000 	/System/Library/PrivateFrameworks/Bom.framework/Versions/A/Bom
0x000000000d354000 	/System/Library/Frameworks/CoreVideo.framework/Versions/A/CoreVideo
0x000000000d354000 	/System/Library/Frameworks/QuartzCore.framework/Versions/A/Frameworks/CoreImage.framework/Versions/A/CoreImage
0x000000000d354000 	/System/Library/Frameworks/QuartzCore.framework/Versions/A/Frameworks/ScalableUserInterface.framework/Versions/A/ScalableUserInterface
0x000000000d354000 	/System/Library/Frameworks/OpenGL.framework/Versions/A/Libraries/libGLU.dylib
0x000000000d354000 	/System/Library/Frameworks/OpenGL.framework/Versions/A/Libraries/libGFXShared.dylib
0x000000000d354000 	/System/Library/Frameworks/OpenGL.framework/Versions/A/Libraries/libGL.dylib
0x000000000d354000 	/System/Library/Frameworks/OpenGL.framework/Versions/A/Libraries/libGLImage.dylib
0x000000000d354000 	/System/Library/Frameworks/OpenGL.framework/Versions/A/Libraries/libCVMSPluginSupport.dylib
0x000000000d354000 	/System/Library/Frameworks/OpenGL.framework/Versions/A/Libraries/libCoreVMClient.dylib
0x000000000d354000 	/System/Library/PrivateFrameworks/FaceCore.framework/Versions/A/FaceCore
0x000000000d354000 	/System/Library/PrivateFrameworks/CrashReporterSupport.framework/Versions/A/CrashReporterSupport
0x000000000d354000 	/System/Library/Frameworks/OpenCL.framework/Versions/A/OpenCL
0x000000000d354000 	/System/Library/PrivateFrameworks/AppleFSCompression.framework/Versions/A/AppleFSCompression
0x000000000d354000 	/System/Library/PrivateFrameworks/Ubiquity.framework/Versions/A/Ubiquity
0x000000000d354000 	/System/Library/PrivateFrameworks/IconServices.framework/Versions/A/IconServices
0x000000000d354000 	/System/Library/PrivateFrameworks/ChunkingLibrary.framework/Versions/A/ChunkingLibrary
0x000000000d354000 	/System/Library/PrivateFrameworks/CoreSymbolication.framework/Versions/A/CoreSymbolication
0x000000000d354000 	/System/Library/PrivateFrameworks/Symbolication.framework/Versions/A/Symbolication
0x000000000d354000 	/System/Library/PrivateFrameworks/DebugSymbols.framework/Versions/A/DebugSymbols
0x0000000110400000 	/Library/Java/JavaVirtualMachines/jdk1.7.0_72.jdk/Contents/Home/jre/lib/server/libjvm.dylib
0x000000000d354000 	/usr/lib/libstdc++.6.dylib
0x000000010fb25000 	/Library/Java/JavaVirtualMachines/jdk1.7.0_72.jdk/Contents/Home/jre/lib/libverify.dylib
0x000000010fb32000 	/Library/Java/JavaVirtualMachines/jdk1.7.0_72.jdk/Contents/Home/jre/lib/libjava.dylib
0x000000010fb63000 	/Library/Java/JavaVirtualMachines/jdk1.7.0_72.jdk/Contents/Home/jre/lib/libjdwp.dylib
0x000000010fba0000 	/Library/Java/JavaVirtualMachines/jdk1.7.0_72.jdk/Contents/Home/jre/lib/libnpt.dylib
0x000000010fbad000 	/Library/Java/JavaVirtualMachines/jdk1.7.0_72.jdk/Contents/Home/jre/lib/libzip.dylib
0x000000011a788000 	/System/Library/Frameworks/JavaVM.framework/Frameworks/JavaRuntimeSupport.framework/JavaRuntimeSupport
0x000000011a7a0000 	/System/Library/Frameworks/JavaVM.framework/Versions/A/Frameworks/JavaNativeFoundation.framework/Versions/A/JavaNativeFoundation
0x000000011a7b5000 	/System/Library/Frameworks/JavaVM.framework/Versions/A/JavaVM
0x000000000d354000 	/System/Library/Frameworks/Carbon.framework/Versions/A/Carbon
0x000000011a7c2000 	/System/Library/PrivateFrameworks/JavaLaunching.framework/Versions/A/JavaLaunching
0x000000000d354000 	/System/Library/Frameworks/Carbon.framework/Versions/A/Frameworks/CommonPanels.framework/Versions/A/CommonPanels
0x000000000d354000 	/System/Library/Frameworks/Carbon.framework/Versions/A/Frameworks/Help.framework/Versions/A/Help
0x000000000d354000 	/System/Library/Frameworks/Carbon.framework/Versions/A/Frameworks/ImageCapture.framework/Versions/A/ImageCapture
0x000000000d354000 	/System/Library/Frameworks/Carbon.framework/Versions/A/Frameworks/OpenScripting.framework/Versions/A/OpenScripting
0x000000000d354000 	/System/Library/Frameworks/Carbon.framework/Versions/A/Frameworks/Print.framework/Versions/A/Print
0x000000000d354000 	/System/Library/Frameworks/Carbon.framework/Versions/A/Frameworks/SecurityHI.framework/Versions/A/SecurityHI
0x000000011a9d9000 	/Library/Java/JavaVirtualMachines/jdk1.7.0_72.jdk/Contents/Home/jre/lib/libdt_socket.dylib
0x000000011b147000 	/Library/Java/JavaVirtualMachines/jdk1.7.0_72.jdk/Contents/Home/jre/lib/libsunec.dylib
0x000000011b2a8000 	/Library/Java/JavaVirtualMachines/jdk1.7.0_72.jdk/Contents/Home/jre/lib/libnet.dylib

VM Arguments:
jvm_args: -agentlib:jdwp=transport=dt_socket,suspend=y,address=localhost:50887 -Dfile.encoding=UTF-8 
java_command: mains.SampleApp
Launcher Type: SUN_STANDARD

Environment Variables:
PATH=/usr/bin:/bin:/usr/sbin:/sbin
SHELL=/bin/bash
DISPLAY=/tmp/launch-WNA1Ar/org.macosforge.xquartz:0

Signal Handlers:
SIGSEGV: [libjvm.dylib+0x52c465], sa_mask[0]=0xfffefeff, sa_flags=0x00000043
SIGBUS: [libjvm.dylib+0x52c465], sa_mask[0]=0xfffefeff, sa_flags=0x00000042
SIGFPE: [libjvm.dylib+0x41e5ce], sa_mask[0]=0xfffefeff, sa_flags=0x00000042
SIGPIPE: [libjvm.dylib+0x41e5ce], sa_mask[0]=0xfffefeff, sa_flags=0x00000042
SIGXFSZ: [libjvm.dylib+0x41e5ce], sa_mask[0]=0xfffefeff, sa_flags=0x00000042
SIGILL: [libjvm.dylib+0x41e5ce], sa_mask[0]=0xfffefeff, sa_flags=0x00000042
SIGUSR1: SIG_DFL, sa_mask[0]=0x00000000, sa_flags=0x00000002
SIGUSR2: [libjvm.dylib+0x41e0c0], sa_mask[0]=0x00000004, sa_flags=0x00000042
SIGHUP: [libjvm.dylib+0x41c351], sa_mask[0]=0xfffefeff, sa_flags=0x00000042
SIGINT: [libjvm.dylib+0x41c351], sa_mask[0]=0xfffefeff, sa_flags=0x00000042
SIGTERM: [libjvm.dylib+0x41c351], sa_mask[0]=0xfffefeff, sa_flags=0x00000042
SIGQUIT: [libjvm.dylib+0x41c351], sa_mask[0]=0xfffefeff, sa_flags=0x00000042


---------------  S Y S T E M  ---------------

OS:Bsduname:Darwin 13.0.2 Darwin Kernel Version 13.0.2: Sun Sep 29 19:38:57 PDT 2013; root:xnu-2422.75.4~1/RELEASE_X86_64 x86_64
rlimit: STACK 8192k, CORE 0k, NPROC 709, NOFILE 10240, AS infinity
load average:2.46 1.72 1.63

CPU:total 4 (2 cores per cpu, 2 threads per core) family 6 model 69 stepping 1, cmov, cx8, fxsr, mmx, sse, sse2, sse3, ssse3, sse4.1, sse4.2, popcnt, avx, avx2, aes, erms, ht, tsc, tscinvbit

Memory: 4k page, physical 8388608k(2097152k free)

/proc/meminfo:


vm_info: Java HotSpot(TM) 64-Bit Server VM (24.72-b04) for bsd-amd64 JRE (1.7.0_72-b14), built on Sep 26 2014 18:48:06 by "java_re" with gcc 4.2.1 (Based on Apple Inc. build 5658) (LLVM build 2336.11.00)

time: Sat Jun 13 19:35:29 2015
elapsed time: 181443 seconds

